START ; 
START ;  opcode:load, llfi_index: 6;  opcode:load, llfi_index: 8; 
START ;  opcode:store, llfi_index: 3; 
START ;  opcode:store, llfi_index: 4; 
START ;  opcode:load, llfi_index: 5; 
START ; 
START ; 
START ; 
START ; 
START ; 
START ;  opcode:load, llfi_index: 15; 
START ;  opcode:load, llfi_index: 16; 
START ;  opcode:store, llfi_index: 13; 
START ;  opcode:store, llfi_index: 14; 
START ; 
START ; 
START ; 
START ; 
START ;  opcode:load, llfi_index: 53;  opcode:load, llfi_index: 50;  opcode:icmp, llfi_index: 51; 
START ;  opcode:load, llfi_index: 58;  opcode:load, llfi_index: 60;  opcode:store, llfi_index: 61;  opcode:load, llfi_index: 54; 
START ;  opcode:load, llfi_index: 347;  opcode:icmp, llfi_index: 348;  opcode:load, llfi_index: 301;  opcode:icmp, llfi_index: 302;  opcode:load, llfi_index: 216;  opcode:icmp, llfi_index: 217;  opcode:load, llfi_index: 192;  opcode:icmp, llfi_index: 193;  opcode:load, llfi_index: 183;  opcode:sext, llfi_index: 184;  opcode:mul, llfi_index: 185;  opcode:bitcast, llfi_index: 187;  opcode:store, llfi_index: 188;  opcode:load, llfi_index: 97;  opcode:icmp, llfi_index: 98;  opcode:load, llfi_index: 89;  opcode:sext, llfi_index: 90;  opcode:mul, llfi_index: 91;  opcode:store, llfi_index: 93;  opcode:load, llfi_index: 84;  opcode:sext, llfi_index: 85;  opcode:mul, llfi_index: 86;  opcode:store, llfi_index: 88;  opcode:load, llfi_index: 79;  opcode:sext, llfi_index: 80;  opcode:mul, llfi_index: 81;  opcode:store, llfi_index: 83;  opcode:load, llfi_index: 73;  opcode:sext, llfi_index: 74;  opcode:mul, llfi_index: 75;  opcode:bitcast, llfi_index: 77;  opcode:store, llfi_index: 78; 
START ;  opcode:load, llfi_index: 159;  opcode:icmp, llfi_index: 160;  opcode:load, llfi_index: 150;  opcode:sext, llfi_index: 151;  opcode:mul, llfi_index: 152;  opcode:bitcast, llfi_index: 154;  opcode:store, llfi_index: 155; 
START ;  opcode:load, llfi_index: 62;  opcode:store, llfi_index: 64; 
START ;  opcode:load, llfi_index: 205;  opcode:sext, llfi_index: 206;  opcode:load, llfi_index: 143;  opcode:sext, llfi_index: 144;  opcode:load, llfi_index: 138;  opcode:sext, llfi_index: 139; 
START ;  opcode:load, llfi_index: 365;  opcode:bitcast, llfi_index: 366;  opcode:load, llfi_index: 250;  opcode:load, llfi_index: 253;  opcode:add, llfi_index: 254;  opcode:icmp, llfi_index: 255;  opcode:load, llfi_index: 244;  opcode:load, llfi_index: 247;  opcode:load, llfi_index: 235;  opcode:load, llfi_index: 238;  opcode:store, llfi_index: 239;  opcode:load, llfi_index: 112;  opcode:load, llfi_index: 105; 
START ;  opcode:load, llfi_index: 371;  opcode:load, llfi_index: 315;  opcode:load, llfi_index: 230;  opcode:load, llfi_index: 221;  opcode:load, llfi_index: 223;  opcode:trunc, llfi_index: 224;  opcode:zext, llfi_index: 225;  opcode:icmp, llfi_index: 226;  opcode:load, llfi_index: 140;  opcode:load, llfi_index: 118; 
START ;  opcode:load, llfi_index: 373;  opcode:load, llfi_index: 326;  opcode:load, llfi_index: 306;  opcode:load, llfi_index: 308;  opcode:trunc, llfi_index: 309;  opcode:zext, llfi_index: 310;  opcode:icmp, llfi_index: 311;  opcode:load, llfi_index: 283;  opcode:load, llfi_index: 123; 
START ;  opcode:load, llfi_index: 375;  opcode:load, llfi_index: 320;  opcode:load, llfi_index: 265;  opcode:load, llfi_index: 267;  opcode:trunc, llfi_index: 268;  opcode:load, llfi_index: 145;  opcode:load, llfi_index: 128; 
START ;  opcode:load, llfi_index: 102;  opcode:store, llfi_index: 108; 
START ;  opcode:load, llfi_index: 109;  opcode:store, llfi_index: 115; 
START ; 
START ;  opcode:load, llfi_index: 166;  opcode:store, llfi_index: 171; 
START ; 
START ;  opcode:load, llfi_index: 368;  opcode:bitcast, llfi_index: 369;  opcode:load, llfi_index: 259;  opcode:load, llfi_index: 261;  opcode:store, llfi_index: 262;  opcode:load, llfi_index: 169; 
START ; 
START ;  opcode:load, llfi_index: 377;  opcode:bitcast, llfi_index: 378;  opcode:load, llfi_index: 354;  opcode:load, llfi_index: 356;  opcode:load, llfi_index: 278;  opcode:load, llfi_index: 272;  opcode:load, llfi_index: 274;  opcode:add, llfi_index: 275;  opcode:store, llfi_index: 280;  opcode:load, llfi_index: 207;  opcode:load, llfi_index: 197; 
START ; 
START ; 
START ;  opcode:load, llfi_index: 339;  opcode:trunc, llfi_index: 340; 
START ; 
START ; 
START ;  opcode:load, llfi_index: 281;  opcode:sext, llfi_index: 282;  opcode:load, llfi_index: 276;  opcode:sext, llfi_index: 277;  opcode:load, llfi_index: 263;  opcode:sext, llfi_index: 264; 
START ; 
START ;  opcode:load, llfi_index: 363;  opcode:load, llfi_index: 350; 
START ; 
START ;  opcode:store, llfi_index: 46; 
START ;  opcode:store, llfi_index: 47; 
START ;  opcode:store, llfi_index: 48; 
START ;  opcode:store, llfi_index: 49; 
START ; 
START ; 
START ; 
START ; 
START ; 
START ; 
START ; 
START ; 
START ; 
START ; 
START ; 
START ; 
START ; 
START ; 
START ; 
START ;  opcode:load, llfi_index: 65;  opcode:icmp, llfi_index: 66; 
START ; 
START ; 
START ; 
START ; 
START ;  opcode:store, llfi_index: 70; 
START ;  opcode:load, llfi_index: 71; 
START ; 
START ; 
START ; 
START ; 
START ; 
START ; 
START ; 
START ; 
START ; 
START ; 
START ; 
START ; 
START ; 
START ; 
START ; 
START ; 
START ; 
START ; 
START ; 
START ; 
START ; 
START ; 
START ;  opcode:store, llfi_index: 94; 
START ; 
START ;  opcode:load, llfi_index: 96; 
START ; 
START ; 
START ; 
START ;  opcode:load, llfi_index: 100; 
START ; 
START ; 
START ;  opcode:load, llfi_index: 103;  opcode:zext, llfi_index: 104; 
START ; 
START ; 
START ; 
START ; 
START ; 
START ; 
START ;  opcode:load, llfi_index: 110;  opcode:zext, llfi_index: 111; 
START ; 
START ; 
START ; 
START ; 
START ; 
START ;  opcode:load, llfi_index: 116;  opcode:zext, llfi_index: 117; 
START ; 
START ; 
START ; 
START ;  opcode:store, llfi_index: 120; 
START ;  opcode:load, llfi_index: 121;  opcode:zext, llfi_index: 122; 
START ; 
START ; 
START ; 
START ;  opcode:store, llfi_index: 125; 
START ;  opcode:load, llfi_index: 126;  opcode:zext, llfi_index: 127; 
START ; 
START ; 
START ; 
START ;  opcode:store, llfi_index: 130; 
START ; 
START ;  opcode:load, llfi_index: 132;  opcode:add, llfi_index: 133;  opcode:store, llfi_index: 134; 
START ; 
START ; 
START ; 
START ;  opcode:load, llfi_index: 136; 
START ; 
START ; 
START ; 
START ; 
START ; 
START ;  opcode:store, llfi_index: 142; 
START ; 
START ; 
START ; 
START ; 
START ;  opcode:store, llfi_index: 147; 
START ;  opcode:load, llfi_index: 148; 
START ; 
START ; 
START ; 
START ; 
START ; 
START ; 
START ; 
START ;  opcode:store, llfi_index: 156; 
START ; 
START ;  opcode:load, llfi_index: 158; 
START ; 
START ; 
START ; 
START ;  opcode:load, llfi_index: 162; 
START ; 
START ;  opcode:load, llfi_index: 164; 
START ; 
START ; 
START ;  opcode:load, llfi_index: 167;  opcode:sext, llfi_index: 168; 
START ; 
START ; 
START ; 
START ; 
START ; 
START ;  opcode:load, llfi_index: 173;  opcode:add, llfi_index: 174;  opcode:store, llfi_index: 175; 
START ; 
START ; 
START ; 
START ;  opcode:load, llfi_index: 177;  opcode:icmp, llfi_index: 178; 
START ; 
START ; 
START ;  opcode:load, llfi_index: 180; 
START ; 
START ; 
START ; 
START ; 
START ; 
START ; 
START ; 
START ; 
START ;  opcode:store, llfi_index: 189; 
START ; 
START ;  opcode:load, llfi_index: 191; 
START ; 
START ; 
START ; 
START ;  opcode:load, llfi_index: 195;  opcode:sext, llfi_index: 196; 
START ; 
START ; 
START ; 
START ;  opcode:store, llfi_index: 199; 
START ; 
START ;  opcode:load, llfi_index: 201;  opcode:add, llfi_index: 202;  opcode:store, llfi_index: 203; 
START ; 
START ; 
START ; 
START ; 
START ; 
START ; 
START ; 
START ;  opcode:store, llfi_index: 209; 
START ;  opcode:store, llfi_index: 210; 
START ; 
START ;  opcode:store, llfi_index: 212; 
START ;  opcode:store, llfi_index: 213; 
START ; 
START ;  opcode:load, llfi_index: 215; 
START ; 
START ; 
START ; 
START ;  opcode:load, llfi_index: 219;  opcode:sext, llfi_index: 220; 
START ; 
START ; 
START ; 
START ; 
START ; 
START ; 
START ; 
START ; 
START ;  opcode:load, llfi_index: 228;  opcode:sext, llfi_index: 229; 
START ; 
START ; 
START ; 
START ;  opcode:store, llfi_index: 232; 
START ;  opcode:load, llfi_index: 233;  opcode:sext, llfi_index: 234; 
START ; 
START ; 
START ; 
START ; 
START ; 
START ; 
START ; 
START ;  opcode:load, llfi_index: 241; 
START ;  opcode:load, llfi_index: 242;  opcode:sext, llfi_index: 243; 
START ; 
START ; 
START ; 
START ; 
START ; 
START ;  opcode:load, llfi_index: 248;  opcode:sext, llfi_index: 249; 
START ; 
START ; 
START ; 
START ; 
START ; 
START ; 
START ; 
START ; 
START ;  opcode:load, llfi_index: 257;  opcode:sext, llfi_index: 258; 
START ; 
START ; 
START ; 
START ; 
START ; 
START ; 
START ; 
START ; 
START ; 
START ; 
START ; 
START ; 
START ;  opcode:load, llfi_index: 270;  opcode:sext, llfi_index: 271; 
START ; 
START ; 
START ; 
START ; 
START ; 
START ; 
START ; 
START ; 
START ; 
START ; 
START ; 
START ; 
START ; 
START ; 
START ;  opcode:store, llfi_index: 285; 
START ; 
START ; 
START ;  opcode:load, llfi_index: 288;  opcode:add, llfi_index: 289;  opcode:store, llfi_index: 290; 
START ; 
START ; 
START ; 
START ; 
START ; 
START ;  opcode:load, llfi_index: 294;  opcode:add, llfi_index: 295;  opcode:store, llfi_index: 296; 
START ; 
START ; 
START ; 
START ;  opcode:store, llfi_index: 298; 
START ; 
START ;  opcode:load, llfi_index: 300; 
START ; 
START ; 
START ; 
START ;  opcode:load, llfi_index: 304;  opcode:sext, llfi_index: 305; 
START ; 
START ; 
START ; 
START ; 
START ; 
START ; 
START ; 
START ; 
START ;  opcode:load, llfi_index: 313;  opcode:sext, llfi_index: 314; 
START ; 
START ; 
START ; 
START ;  opcode:store, llfi_index: 317; 
START ;  opcode:load, llfi_index: 318;  opcode:sext, llfi_index: 319; 
START ; 
START ; 
START ; 
START ;  opcode:store, llfi_index: 322; 
START ;  opcode:store, llfi_index: 323; 
START ;  opcode:load, llfi_index: 324;  opcode:sext, llfi_index: 325; 
START ; 
START ; 
START ; 
START ;  opcode:store, llfi_index: 328; 
START ; 
START ; 
START ;  opcode:load, llfi_index: 331;  opcode:add, llfi_index: 332;  opcode:store, llfi_index: 333; 
START ; 
START ; 
START ; 
START ;  opcode:load, llfi_index: 335;  opcode:add, llfi_index: 336;  opcode:store, llfi_index: 337; 
START ; 
START ; 
START ; 
START ; 
START ; 
START ; 
START ;  opcode:store, llfi_index: 343; 
START ; 
START ;  opcode:store, llfi_index: 344; 
START ; 
START ;  opcode:load, llfi_index: 346; 
START ; 
START ; 
START ; 
START ; 
START ;  opcode:load, llfi_index: 351; 
START ;  opcode:load, llfi_index: 352;  opcode:sext, llfi_index: 353; 
START ; 
START ; 
START ; 
START ; 
START ; 
START ; 
START ;  opcode:load, llfi_index: 359;  opcode:add, llfi_index: 360;  opcode:store, llfi_index: 361; 
START ; 
START ; 
START ; 
START ; 
START ; 
START ; 
START ; 
START ; 
START ; 
START ; 
START ; 
START ; 
START ; 
START ; 
START ; 
START ; 
START ; 
START ; 
START ; 
START ; 
START ; 
START ; 
