START ;  opcode:load, llfi_index: 7;  opcode:add, llfi_index: 8;  opcode:load, llfi_index: 4;  opcode:mul, llfi_index: 5; 
START ; 
START ; 
START ; 
START ; 
START ; 
START ; 
START ; 
START ; 
START ;  opcode:load, llfi_index: 38; 
START ;  opcode:load, llfi_index: 25;  opcode:store, llfi_index: 26;  opcode:load, llfi_index: 18;  opcode:icmp, llfi_index: 20; 
START ;  opcode:load, llfi_index: 22;  opcode:store, llfi_index: 23;  opcode:load, llfi_index: 19; 
START ;  opcode:load, llfi_index: 32;  opcode:store, llfi_index: 33;  opcode:load, llfi_index: 29;  opcode:icmp, llfi_index: 30; 
START ;  opcode:load, llfi_index: 35;  opcode:store, llfi_index: 36;  opcode:load, llfi_index: 28; 
START ;  opcode:store, llfi_index: 15; 
START ;  opcode:store, llfi_index: 16; 
START ;  opcode:store, llfi_index: 17; 
START ; 
START ; 
START ; 
START ; 
START ; 
START ; 
START ; 
START ; 
START ; 
START ; 
START ; 
START ; 
START ; 
START ; 
START ; 
START ; 
START ; 
START ; 
START ; 
START ; 
START ; 
START ; 
START ;  opcode:load, llfi_index: 46;  opcode:sitofp, llfi_index: 47;  opcode:fmul, llfi_index: 48;  opcode:fadd, llfi_index: 49;  opcode:load, llfi_index: 43;  opcode:sitofp, llfi_index: 44; 
START ; 
START ; 
START ; 
START ; 
START ; 
START ; 
START ; 
START ; 
START ; 
START ; 
START ; 
START ;  opcode:load, llfi_index: 57; 
START ;  opcode:load, llfi_index: 58; 
START ;  opcode:store, llfi_index: 54; 
START ;  opcode:store, llfi_index: 55; 
START ;  opcode:store, llfi_index: 56; 
START ; 
START ; 
START ; 
START ; 
START ;  opcode:load, llfi_index: 116;  opcode:load, llfi_index: 92;  opcode:icmp, llfi_index: 93; 
START ;  opcode:load, llfi_index: 117;  opcode:load, llfi_index: 110;  opcode:load, llfi_index: 112;  opcode:store, llfi_index: 114;  opcode:load, llfi_index: 105;  opcode:load, llfi_index: 107;  opcode:store, llfi_index: 109;  opcode:load, llfi_index: 100;  opcode:load, llfi_index: 102;  opcode:store, llfi_index: 104;  opcode:load, llfi_index: 95;  opcode:load, llfi_index: 97;  opcode:store, llfi_index: 99; 
START ;  opcode:load, llfi_index: 355;  opcode:sub, llfi_index: 356;  opcode:icmp, llfi_index: 357;  opcode:load, llfi_index: 350;  opcode:sub, llfi_index: 351;  opcode:icmp, llfi_index: 352;  opcode:load, llfi_index: 340;  opcode:sub, llfi_index: 341;  opcode:store, llfi_index: 342;  opcode:load, llfi_index: 337;  opcode:sub, llfi_index: 338;  opcode:store, llfi_index: 339;  opcode:load, llfi_index: 320;  opcode:load, llfi_index: 273;  opcode:icmp, llfi_index: 274;  opcode:load, llfi_index: 231;  opcode:icmp, llfi_index: 232;  opcode:load, llfi_index: 191;  opcode:icmp, llfi_index: 192;  opcode:load, llfi_index: 165;  opcode:icmp, llfi_index: 166;  opcode:load, llfi_index: 142;  opcode:mul, llfi_index: 144;  opcode:sext, llfi_index: 145;  opcode:mul, llfi_index: 146;  opcode:bitcast, llfi_index: 148;  opcode:store, llfi_index: 149;  opcode:load, llfi_index: 134;  opcode:mul, llfi_index: 136;  opcode:sext, llfi_index: 137;  opcode:mul, llfi_index: 138;  opcode:bitcast, llfi_index: 140;  opcode:store, llfi_index: 141;  opcode:load, llfi_index: 126;  opcode:mul, llfi_index: 128;  opcode:sext, llfi_index: 129;  opcode:mul, llfi_index: 130;  opcode:bitcast, llfi_index: 132;  opcode:store, llfi_index: 133; 
START ;  opcode:load, llfi_index: 458;  opcode:mul, llfi_index: 459;  opcode:add, llfi_index: 461;  opcode:sext, llfi_index: 462;  opcode:load, llfi_index: 465;  opcode:add, llfi_index: 466;  opcode:store, llfi_index: 467;  opcode:load, llfi_index: 443;  opcode:mul, llfi_index: 444;  opcode:add, llfi_index: 446;  opcode:sext, llfi_index: 447;  opcode:load, llfi_index: 450;  opcode:store, llfi_index: 451;  opcode:load, llfi_index: 425;  opcode:mul, llfi_index: 426;  opcode:add, llfi_index: 428;  opcode:sub, llfi_index: 429;  opcode:sext, llfi_index: 430;  opcode:load, llfi_index: 433;  opcode:store, llfi_index: 434;  opcode:load, llfi_index: 409;  opcode:mul, llfi_index: 410;  opcode:add, llfi_index: 412;  opcode:sext, llfi_index: 413;  opcode:load, llfi_index: 416;  opcode:store, llfi_index: 417;  opcode:load, llfi_index: 397;  opcode:mul, llfi_index: 398;  opcode:add, llfi_index: 400;  opcode:sub, llfi_index: 401;  opcode:sext, llfi_index: 402;  opcode:load, llfi_index: 405;  opcode:store, llfi_index: 406;  opcode:load, llfi_index: 386;  opcode:mul, llfi_index: 387;  opcode:add, llfi_index: 389;  opcode:sub, llfi_index: 390;  opcode:sext, llfi_index: 391;  opcode:load, llfi_index: 394;  opcode:store, llfi_index: 395;  opcode:load, llfi_index: 361;  opcode:mul, llfi_index: 362;  opcode:add, llfi_index: 364;  opcode:sext, llfi_index: 365;  opcode:load, llfi_index: 368;  opcode:load, llfi_index: 321;  opcode:load, llfi_index: 295;  opcode:icmp, llfi_index: 296;  opcode:load, llfi_index: 281;  opcode:mul, llfi_index: 282;  opcode:sext, llfi_index: 283;  opcode:load, llfi_index: 252;  opcode:mul, llfi_index: 253;  opcode:add, llfi_index: 255;  opcode:sext, llfi_index: 256;  opcode:load, llfi_index: 241;  opcode:mul, llfi_index: 242;  opcode:sext, llfi_index: 243;  opcode:load, llfi_index: 246;  opcode:sext, llfi_index: 247;  opcode:load, llfi_index: 250;  opcode:store, llfi_index: 259;  opcode:load, llfi_index: 225;  opcode:icmp, llfi_index: 226;  opcode:load, llfi_index: 209;  opcode:icmp, llfi_index: 210;  opcode:load, llfi_index: 195;  opcode:mul, llfi_index: 196;  opcode:sext, llfi_index: 197;  opcode:load, llfi_index: 169;  opcode:mul, llfi_index: 170;  opcode:add, llfi_index: 172;  opcode:sext, llfi_index: 173;  opcode:load, llfi_index: 159;  opcode:icmp, llfi_index: 160;  opcode:load, llfi_index: 143;  opcode:load, llfi_index: 135;  opcode:load, llfi_index: 127; 
START ;  opcode:load, llfi_index: 473;  opcode:sub, llfi_index: 474;  opcode:store, llfi_index: 475;  opcode:load, llfi_index: 469;  opcode:sub, llfi_index: 470;  opcode:store, llfi_index: 471;  opcode:load, llfi_index: 322;  opcode:load, llfi_index: 300;  opcode:mul, llfi_index: 301;  opcode:store, llfi_index: 306;  opcode:load, llfi_index: 278;  opcode:mul, llfi_index: 279;  opcode:store, llfi_index: 286; 
START ;  opcode:load, llfi_index: 543;  opcode:bitcast, llfi_index: 544;  opcode:load, llfi_index: 448;  opcode:load, llfi_index: 431;  opcode:load, llfi_index: 414;  opcode:load, llfi_index: 403;  opcode:load, llfi_index: 392;  opcode:load, llfi_index: 366;  opcode:load, llfi_index: 317;  opcode:load, llfi_index: 304;  opcode:load, llfi_index: 284;  opcode:load, llfi_index: 244;  opcode:load, llfi_index: 236;  opcode:load, llfi_index: 238;  opcode:sext, llfi_index: 239;  opcode:load, llfi_index: 214;  opcode:load, llfi_index: 198;  opcode:load, llfi_index: 174;  opcode:load, llfi_index: 150;  opcode:icmp, llfi_index: 151; 
START ;  opcode:load, llfi_index: 546;  opcode:bitcast, llfi_index: 547;  opcode:load, llfi_index: 318; 
START ;  opcode:load, llfi_index: 540;  opcode:bitcast, llfi_index: 541;  opcode:load, llfi_index: 463;  opcode:load, llfi_index: 319;  opcode:load, llfi_index: 257; 
START ;  opcode:load, llfi_index: 312; 
START ; 
START ; 
START ; 
START ; 
START ; 
START ; 
START ; 
START ; 
START ;  opcode:load, llfi_index: 327;  opcode:sub, llfi_index: 328;  opcode:sitofp, llfi_index: 329;  opcode:fdiv, llfi_index: 330;  opcode:fpext, llfi_index: 331; 
START ;  opcode:load, llfi_index: 326; 
START ;  opcode:load, llfi_index: 538;  opcode:load, llfi_index: 502;  opcode:load, llfi_index: 359;  opcode:load, llfi_index: 335; 
START ; 
START ; 
START ;  opcode:load, llfi_index: 506;  opcode:icmp, llfi_index: 507;  opcode:load, llfi_index: 485;  opcode:store, llfi_index: 486;  opcode:load, llfi_index: 456; 
START ;  opcode:load, llfi_index: 526;  opcode:icmp, llfi_index: 527;  opcode:load, llfi_index: 499;  opcode:store, llfi_index: 500;  opcode:load, llfi_index: 472; 
START ;  opcode:load, llfi_index: 518;  opcode:icmp, llfi_index: 519;  opcode:load, llfi_index: 492;  opcode:store, llfi_index: 493;  opcode:load, llfi_index: 468; 
START ;  opcode:load, llfi_index: 525;  opcode:load, llfi_index: 517;  opcode:load, llfi_index: 505;  opcode:load, llfi_index: 503; 
START ;  opcode:load, llfi_index: 482;  opcode:icmp, llfi_index: 483;  opcode:load, llfi_index: 476;  opcode:store, llfi_index: 480; 
START ;  opcode:load, llfi_index: 489;  opcode:icmp, llfi_index: 490;  opcode:load, llfi_index: 477; 
START ;  opcode:load, llfi_index: 496;  opcode:icmp, llfi_index: 497;  opcode:load, llfi_index: 478; 
START ;  opcode:store, llfi_index: 90; 
START ;  opcode:store, llfi_index: 91; 
START ; 
START ; 
START ; 
START ; 
START ; 
START ; 
START ; 
START ; 
START ; 
START ; 
START ; 
START ; 
START ; 
START ; 
START ; 
START ; 
START ; 
START ; 
START ; 
START ; 
START ; 
START ; 
START ; 
START ; 
START ; 
START ; 
START ; 
START ; 
START ;  opcode:load, llfi_index: 120;  opcode:add, llfi_index: 121;  opcode:store, llfi_index: 122; 
START ; 
START ; 
START ;  opcode:load, llfi_index: 123;  opcode:add, llfi_index: 124;  opcode:store, llfi_index: 125; 
START ; 
START ; 
START ; 
START ; 
START ; 
START ; 
START ; 
START ; 
START ; 
START ; 
START ; 
START ; 
START ; 
START ; 
START ; 
START ; 
START ; 
START ; 
START ; 
START ; 
START ; 
START ; 
START ; 
START ; 
START ; 
START ; 
START ; 
START ; 
START ; 
START ;  opcode:load, llfi_index: 153; 
START ; 
START ; 
START ;  opcode:store, llfi_index: 156; 
START ; 
START ;  opcode:load, llfi_index: 158; 
START ; 
START ; 
START ; 
START ;  opcode:store, llfi_index: 162; 
START ; 
START ;  opcode:load, llfi_index: 164; 
START ; 
START ; 
START ; 
START ;  opcode:load, llfi_index: 168; 
START ; 
START ; 
START ;  opcode:load, llfi_index: 171; 
START ; 
START ; 
START ; 
START ; 
START ;  opcode:store, llfi_index: 176; 
START ; 
START ;  opcode:load, llfi_index: 178;  opcode:add, llfi_index: 179;  opcode:store, llfi_index: 180; 
START ; 
START ; 
START ; 
START ; 
START ;  opcode:load, llfi_index: 183;  opcode:add, llfi_index: 184;  opcode:store, llfi_index: 185; 
START ; 
START ; 
START ; 
START ; 
START ;  opcode:store, llfi_index: 188; 
START ; 
START ;  opcode:load, llfi_index: 190; 
START ; 
START ; 
START ; 
START ;  opcode:load, llfi_index: 194; 
START ; 
START ; 
START ; 
START ; 
START ; 
START ;  opcode:store, llfi_index: 200; 
START ; 
START ;  opcode:load, llfi_index: 202;  opcode:add, llfi_index: 203;  opcode:store, llfi_index: 204; 
START ; 
START ; 
START ; 
START ;  opcode:store, llfi_index: 206; 
START ; 
START ;  opcode:load, llfi_index: 208; 
START ; 
START ; 
START ; 
START ;  opcode:load, llfi_index: 212;  opcode:sext, llfi_index: 213; 
START ; 
START ; 
START ; 
START ;  opcode:store, llfi_index: 216; 
START ; 
START ;  opcode:load, llfi_index: 218;  opcode:add, llfi_index: 219;  opcode:store, llfi_index: 220; 
START ; 
START ; 
START ; 
START ;  opcode:store, llfi_index: 222; 
START ; 
START ;  opcode:load, llfi_index: 224; 
START ; 
START ; 
START ; 
START ;  opcode:store, llfi_index: 228; 
START ; 
START ;  opcode:load, llfi_index: 230; 
START ; 
START ; 
START ; 
START ;  opcode:load, llfi_index: 234;  opcode:sext, llfi_index: 235; 
START ; 
START ; 
START ; 
START ; 
START ; 
START ;  opcode:load, llfi_index: 240; 
START ; 
START ; 
START ; 
START ; 
START ; 
START ; 
START ; 
START ; 
START ; 
START ; 
START ;  opcode:load, llfi_index: 251; 
START ; 
START ; 
START ;  opcode:load, llfi_index: 254; 
START ; 
START ; 
START ; 
START ; 
START ; 
START ; 
START ;  opcode:load, llfi_index: 261;  opcode:add, llfi_index: 262;  opcode:store, llfi_index: 263; 
START ; 
START ; 
START ; 
START ; 
START ;  opcode:load, llfi_index: 266;  opcode:add, llfi_index: 267;  opcode:store, llfi_index: 268; 
START ; 
START ; 
START ; 
START ;  opcode:store, llfi_index: 270; 
START ; 
START ;  opcode:load, llfi_index: 272; 
START ; 
START ; 
START ; 
START ;  opcode:load, llfi_index: 276;  opcode:sub, llfi_index: 277; 
START ; 
START ; 
START ; 
START ;  opcode:load, llfi_index: 280; 
START ; 
START ; 
START ; 
START ; 
START ; 
START ; 
START ; 
START ;  opcode:load, llfi_index: 288;  opcode:add, llfi_index: 289;  opcode:store, llfi_index: 290; 
START ; 
START ; 
START ; 
START ;  opcode:store, llfi_index: 292; 
START ; 
START ;  opcode:load, llfi_index: 294; 
START ; 
START ; 
START ; 
START ;  opcode:load, llfi_index: 298;  opcode:sub, llfi_index: 299; 
START ; 
START ; 
START ; 
START ;  opcode:load, llfi_index: 302;  opcode:sext, llfi_index: 303; 
START ; 
START ; 
START ; 
START ; 
START ; 
START ;  opcode:load, llfi_index: 308;  opcode:add, llfi_index: 309;  opcode:store, llfi_index: 310; 
START ; 
START ; 
START ; 
START ; 
START ; 
START ; 
START ;  opcode:store, llfi_index: 316; 
START ; 
START ; 
START ; 
START ; 
START ; 
START ; 
START ; 
START ; 
START ;  opcode:store, llfi_index: 325; 
START ; 
START ; 
START ; 
START ; 
START ; 
START ; 
START ; 
START ; 
START ;  opcode:store, llfi_index: 334; 
START ; 
START ; 
START ; 
START ; 
START ; 
START ; 
START ; 
START ; 
START ; 
START ; 
START ;  opcode:load, llfi_index: 344;  opcode:icmp, llfi_index: 345; 
START ; 
START ;  opcode:load, llfi_index: 346;  opcode:icmp, llfi_index: 347; 
START ; 
START ; 
START ;  opcode:load, llfi_index: 349; 
START ; 
START ; 
START ; 
START ; 
START ;  opcode:load, llfi_index: 354; 
START ; 
START ; 
START ; 
START ; 
START ; 
START ;  opcode:load, llfi_index: 360; 
START ; 
START ; 
START ;  opcode:load, llfi_index: 363; 
START ; 
START ; 
START ; 
START ; 
START ; 
START ; 
START ; 
START ;  opcode:load, llfi_index: 371;  opcode:icmp, llfi_index: 372; 
START ; 
START ; 
START ;  opcode:load, llfi_index: 374;  opcode:icmp, llfi_index: 375; 
START ; 
START ; 
START ; 
START ;  opcode:load, llfi_index: 378;  opcode:icmp, llfi_index: 379; 
START ; 
START ; 
START ;  opcode:load, llfi_index: 381;  opcode:icmp, llfi_index: 382; 
START ; 
START ; 
START ;  opcode:load, llfi_index: 384;  opcode:sub, llfi_index: 385; 
START ; 
START ; 
START ; 
START ;  opcode:load, llfi_index: 388; 
START ; 
START ; 
START ; 
START ; 
START ; 
START ; 
START ; 
START ;  opcode:load, llfi_index: 396; 
START ; 
START ; 
START ;  opcode:load, llfi_index: 399; 
START ; 
START ; 
START ; 
START ; 
START ; 
START ; 
START ; 
START ;  opcode:load, llfi_index: 407;  opcode:sub, llfi_index: 408; 
START ; 
START ; 
START ; 
START ;  opcode:load, llfi_index: 411; 
START ; 
START ; 
START ; 
START ; 
START ; 
START ; 
START ; 
START ;  opcode:load, llfi_index: 419;  opcode:icmp, llfi_index: 420; 
START ; 
START ; 
START ;  opcode:store, llfi_index: 422; 
START ;  opcode:store, llfi_index: 423; 
START ;  opcode:load, llfi_index: 424; 
START ; 
START ; 
START ;  opcode:load, llfi_index: 427; 
START ; 
START ; 
START ; 
START ; 
START ; 
START ; 
START ; 
START ; 
START ;  opcode:load, llfi_index: 436;  opcode:icmp, llfi_index: 437; 
START ; 
START ; 
START ;  opcode:store, llfi_index: 439; 
START ;  opcode:store, llfi_index: 440; 
START ;  opcode:load, llfi_index: 441;  opcode:sub, llfi_index: 442; 
START ; 
START ; 
START ; 
START ;  opcode:load, llfi_index: 445; 
START ; 
START ; 
START ; 
START ; 
START ; 
START ; 
START ; 
START ; 
START ; 
START ; 
START ; 
START ;  opcode:load, llfi_index: 457; 
START ; 
START ; 
START ;  opcode:load, llfi_index: 460; 
START ; 
START ; 
START ; 
START ; 
START ; 
START ; 
START ; 
START ; 
START ; 
START ; 
START ; 
START ; 
START ; 
START ; 
START ; 
START ; 
START ; 
START ; 
START ; 
START ; 
START ;  opcode:load, llfi_index: 481; 
START ; 
START ; 
START ; 
START ; 
START ; 
START ; 
START ;  opcode:load, llfi_index: 488; 
START ; 
START ; 
START ; 
START ; 
START ; 
START ; 
START ;  opcode:load, llfi_index: 495; 
START ; 
START ; 
START ; 
START ; 
START ; 
START ; 
START ; 
START ; 
START ; 
START ; 
START ; 
START ; 
START ; 
START ;  opcode:load, llfi_index: 509;  opcode:add, llfi_index: 510;  opcode:store, llfi_index: 511; 
START ; 
START ; 
START ;  opcode:load, llfi_index: 512;  opcode:add, llfi_index: 513;  opcode:store, llfi_index: 514; 
START ; 
START ; 
START ; 
START ; 
START ; 
START ; 
START ; 
START ; 
START ;  opcode:load, llfi_index: 521;  opcode:add, llfi_index: 522;  opcode:store, llfi_index: 523; 
START ; 
START ; 
START ; 
START ; 
START ; 
START ; 
START ; 
START ;  opcode:load, llfi_index: 529;  opcode:add, llfi_index: 530;  opcode:store, llfi_index: 531; 
START ; 
START ; 
START ; 
START ; 
START ; 
START ; 
START ; 
START ; 
START ; 
START ; 
START ; 
START ; 
START ; 
START ; 
START ; 
START ; 
START ; 
START ; 
START ; 
START ; 
START ; 
START ;  opcode:load, llfi_index: 555;  opcode:load, llfi_index: 557; 
START ;  opcode:store, llfi_index: 552; 
START ;  opcode:store, llfi_index: 553; 
START ;  opcode:load, llfi_index: 554; 
START ; 
START ; 
START ; 
START ; 
START ;  opcode:load, llfi_index: 559; 
START ; 
START ;  opcode:load, llfi_index: 561; 
START ; 
START ;  opcode:load, llfi_index: 563; 
START ; 
START ; 
START ; 
START ; 
START ;  opcode:load, llfi_index: 1048;  opcode:load, llfi_index: 928;  opcode:load, llfi_index: 930;  opcode:store, llfi_index: 937;  opcode:load, llfi_index: 811;  opcode:load, llfi_index: 691;  opcode:load, llfi_index: 693;  opcode:store, llfi_index: 700; 
START ; 
START ;  opcode:load, llfi_index: 886;  opcode:load, llfi_index: 888;  opcode:store, llfi_index: 895;  opcode:load, llfi_index: 649;  opcode:load, llfi_index: 651;  opcode:store, llfi_index: 658; 
START ; 
START ;  opcode:load, llfi_index: 1034;  opcode:mul, llfi_index: 1040;  opcode:add, llfi_index: 1043;  opcode:add, llfi_index: 1045;  opcode:add, llfi_index: 1046;  opcode:sext, llfi_index: 1047;  opcode:load, llfi_index: 916;  opcode:mul, llfi_index: 921;  opcode:add, llfi_index: 924;  opcode:add, llfi_index: 926;  opcode:sext, llfi_index: 927;  opcode:load, llfi_index: 872;  opcode:mul, llfi_index: 878;  opcode:add, llfi_index: 881;  opcode:add, llfi_index: 883;  opcode:add, llfi_index: 884;  opcode:sext, llfi_index: 885;  opcode:load, llfi_index: 853;  opcode:sub, llfi_index: 854;  opcode:sdiv, llfi_index: 855;  opcode:add, llfi_index: 857;  opcode:sub, llfi_index: 858;  opcode:sub, llfi_index: 860;  opcode:store, llfi_index: 861;  opcode:load, llfi_index: 848;  opcode:sub, llfi_index: 849;  opcode:sdiv, llfi_index: 850;  opcode:icmp, llfi_index: 851;  opcode:load, llfi_index: 838;  opcode:sub, llfi_index: 839;  opcode:sdiv, llfi_index: 840;  opcode:icmp, llfi_index: 841;  opcode:load, llfi_index: 797;  opcode:mul, llfi_index: 803;  opcode:add, llfi_index: 806;  opcode:add, llfi_index: 808;  opcode:add, llfi_index: 809;  opcode:sext, llfi_index: 810;  opcode:load, llfi_index: 679;  opcode:mul, llfi_index: 684;  opcode:add, llfi_index: 687;  opcode:add, llfi_index: 689;  opcode:sext, llfi_index: 690;  opcode:load, llfi_index: 635;  opcode:mul, llfi_index: 641;  opcode:add, llfi_index: 644;  opcode:add, llfi_index: 646;  opcode:add, llfi_index: 647;  opcode:sext, llfi_index: 648;  opcode:load, llfi_index: 609;  opcode:sub, llfi_index: 610;  opcode:sdiv, llfi_index: 611;  opcode:icmp, llfi_index: 612; 
START ;  opcode:load, llfi_index: 995;  opcode:sub, llfi_index: 996;  opcode:store, llfi_index: 1004;  opcode:load, llfi_index: 985;  opcode:sub, llfi_index: 986;  opcode:load, llfi_index: 758;  opcode:sub, llfi_index: 759;  opcode:store, llfi_index: 767;  opcode:load, llfi_index: 748;  opcode:sub, llfi_index: 749; 
START ; 
START ; 
START ;  opcode:load, llfi_index: 798;  opcode:mul, llfi_index: 799;  opcode:add, llfi_index: 801;  opcode:add, llfi_index: 802;  opcode:load, llfi_index: 680;  opcode:mul, llfi_index: 681;  opcode:add, llfi_index: 683;  opcode:load, llfi_index: 636;  opcode:mul, llfi_index: 637;  opcode:add, llfi_index: 639;  opcode:add, llfi_index: 640; 
START ;  opcode:load, llfi_index: 796;  opcode:store, llfi_index: 813;  opcode:load, llfi_index: 757;  opcode:load, llfi_index: 747;  opcode:load, llfi_index: 729;  opcode:add, llfi_index: 739; 
START ;  opcode:load, llfi_index: 738; 
START ; 
START ; 
START ; 
START ; 
START ; 
START ; 
START ; 
START ; 
START ; 
START ; 
START ;  opcode:load, llfi_index: 1035;  opcode:mul, llfi_index: 1036;  opcode:add, llfi_index: 1038;  opcode:add, llfi_index: 1039;  opcode:load, llfi_index: 917;  opcode:mul, llfi_index: 918;  opcode:add, llfi_index: 920;  opcode:load, llfi_index: 873;  opcode:mul, llfi_index: 874;  opcode:add, llfi_index: 876;  opcode:add, llfi_index: 877; 
START ;  opcode:load, llfi_index: 1033;  opcode:store, llfi_index: 1050;  opcode:load, llfi_index: 994;  opcode:load, llfi_index: 984;  opcode:load, llfi_index: 966;  opcode:add, llfi_index: 976; 
START ;  opcode:load, llfi_index: 975; 
START ; 
START ; 
START ; 
START ; 
START ; 
START ; 
START ; 
START ; 
START ;  opcode:store, llfi_index: 600; 
START ;  opcode:store, llfi_index: 601; 
START ;  opcode:store, llfi_index: 602; 
START ;  opcode:store, llfi_index: 603; 
START ;  opcode:store, llfi_index: 604; 
START ;  opcode:store, llfi_index: 605; 
START ;  opcode:store, llfi_index: 606; 
START ; 
START ;  opcode:load, llfi_index: 608; 
START ; 
START ; 
START ; 
START ; 
START ; 
START ;  opcode:store, llfi_index: 614; 
START ; 
START ;  opcode:load, llfi_index: 616;  opcode:icmp, llfi_index: 618; 
START ;  opcode:load, llfi_index: 617; 
START ; 
START ; 
START ;  opcode:load, llfi_index: 620;  opcode:sub, llfi_index: 621;  opcode:sub, llfi_index: 623;  opcode:store, llfi_index: 624; 
START ; 
START ;  opcode:load, llfi_index: 622; 
START ; 
START ; 
START ;  opcode:store, llfi_index: 625; 
START ; 
START ;  opcode:load, llfi_index: 627;  opcode:icmp, llfi_index: 628; 
START ; 
START ; 
START ;  opcode:store, llfi_index: 630; 
START ; 
START ;  opcode:load, llfi_index: 632;  opcode:icmp, llfi_index: 633; 
START ; 
START ; 
START ; 
START ; 
START ; 
START ;  opcode:load, llfi_index: 638; 
START ; 
START ; 
START ; 
START ;  opcode:load, llfi_index: 642;  opcode:mul, llfi_index: 643; 
START ; 
START ; 
START ;  opcode:load, llfi_index: 645; 
START ; 
START ; 
START ; 
START ; 
START ; 
START ; 
START ;  opcode:load, llfi_index: 652;  opcode:mul, llfi_index: 653;  opcode:add, llfi_index: 655;  opcode:sext, llfi_index: 656; 
START ; 
START ;  opcode:load, llfi_index: 654; 
START ; 
START ; 
START ; 
START ; 
START ; 
START ;  opcode:load, llfi_index: 660;  opcode:add, llfi_index: 661;  opcode:store, llfi_index: 662; 
START ; 
START ; 
START ; 
START ; 
START ;  opcode:load, llfi_index: 665;  opcode:add, llfi_index: 666;  opcode:store, llfi_index: 667; 
START ; 
START ; 
START ; 
START ;  opcode:store, llfi_index: 669; 
START ; 
START ;  opcode:load, llfi_index: 671;  opcode:icmp, llfi_index: 672; 
START ; 
START ; 
START ;  opcode:store, llfi_index: 674; 
START ; 
START ;  opcode:load, llfi_index: 676;  opcode:icmp, llfi_index: 677; 
START ; 
START ; 
START ; 
START ; 
START ; 
START ;  opcode:load, llfi_index: 682; 
START ; 
START ; 
START ;  opcode:load, llfi_index: 685;  opcode:mul, llfi_index: 686; 
START ; 
START ; 
START ;  opcode:load, llfi_index: 688; 
START ; 
START ; 
START ; 
START ; 
START ; 
START ;  opcode:load, llfi_index: 694;  opcode:mul, llfi_index: 695;  opcode:add, llfi_index: 697;  opcode:sext, llfi_index: 698; 
START ; 
START ;  opcode:load, llfi_index: 696; 
START ; 
START ; 
START ; 
START ; 
START ; 
START ;  opcode:load, llfi_index: 702;  opcode:add, llfi_index: 703;  opcode:store, llfi_index: 704; 
START ; 
START ; 
START ; 
START ; 
START ;  opcode:load, llfi_index: 707;  opcode:add, llfi_index: 708;  opcode:store, llfi_index: 709; 
START ; 
START ; 
START ; 
START ;  opcode:store, llfi_index: 711; 
START ; 
START ;  opcode:load, llfi_index: 713;  opcode:icmp, llfi_index: 714; 
START ; 
START ; 
START ;  opcode:store, llfi_index: 716; 
START ; 
START ;  opcode:load, llfi_index: 718;  opcode:icmp, llfi_index: 719; 
START ; 
START ; 
START ;  opcode:load, llfi_index: 721;  opcode:sub, llfi_index: 722;  opcode:mul, llfi_index: 723;  opcode:add, llfi_index: 725;  opcode:sub, llfi_index: 726;  opcode:sext, llfi_index: 727; 
START ; 
START ; 
START ;  opcode:load, llfi_index: 724; 
START ; 
START ; 
START ; 
START ; 
START ; 
START ;  opcode:load, llfi_index: 730;  opcode:sub, llfi_index: 731;  opcode:mul, llfi_index: 732;  opcode:add, llfi_index: 734;  opcode:sub, llfi_index: 735;  opcode:sext, llfi_index: 736; 
START ; 
START ; 
START ;  opcode:load, llfi_index: 733; 
START ; 
START ; 
START ; 
START ; 
START ; 
START ; 
START ;  opcode:load, llfi_index: 740;  opcode:mul, llfi_index: 741;  opcode:add, llfi_index: 743;  opcode:sub, llfi_index: 744;  opcode:sext, llfi_index: 745; 
START ; 
START ;  opcode:load, llfi_index: 742; 
START ; 
START ; 
START ; 
START ; 
START ; 
START ; 
START ; 
START ;  opcode:load, llfi_index: 750;  opcode:sub, llfi_index: 751;  opcode:mul, llfi_index: 752;  opcode:add, llfi_index: 754;  opcode:sext, llfi_index: 755; 
START ; 
START ; 
START ;  opcode:load, llfi_index: 753; 
START ; 
START ; 
START ; 
START ; 
START ; 
START ; 
START ; 
START ;  opcode:load, llfi_index: 761;  opcode:mul, llfi_index: 762;  opcode:add, llfi_index: 764;  opcode:sext, llfi_index: 765; 
START ; 
START ;  opcode:load, llfi_index: 763; 
START ; 
START ; 
START ; 
START ; 
START ; 
START ;  opcode:load, llfi_index: 769;  opcode:add, llfi_index: 770;  opcode:store, llfi_index: 771; 
START ; 
START ; 
START ; 
START ; 
START ;  opcode:load, llfi_index: 774;  opcode:add, llfi_index: 775;  opcode:store, llfi_index: 776; 
START ; 
START ; 
START ; 
START ;  opcode:store, llfi_index: 778; 
START ; 
START ;  opcode:load, llfi_index: 780;  opcode:icmp, llfi_index: 781; 
START ; 
START ; 
START ;  opcode:store, llfi_index: 783; 
START ; 
START ;  opcode:load, llfi_index: 785;  opcode:icmp, llfi_index: 786; 
START ; 
START ; 
START ;  opcode:load, llfi_index: 788;  opcode:add, llfi_index: 789;  opcode:mul, llfi_index: 790;  opcode:add, llfi_index: 792;  opcode:add, llfi_index: 793;  opcode:sext, llfi_index: 794; 
START ; 
START ; 
START ;  opcode:load, llfi_index: 791; 
START ; 
START ; 
START ; 
START ; 
START ; 
START ; 
START ; 
START ; 
START ;  opcode:load, llfi_index: 800; 
START ; 
START ; 
START ; 
START ;  opcode:load, llfi_index: 804;  opcode:mul, llfi_index: 805; 
START ; 
START ; 
START ;  opcode:load, llfi_index: 807; 
START ; 
START ; 
START ; 
START ; 
START ; 
START ; 
START ; 
START ;  opcode:load, llfi_index: 815;  opcode:add, llfi_index: 816;  opcode:store, llfi_index: 817; 
START ; 
START ; 
START ; 
START ; 
START ;  opcode:load, llfi_index: 820;  opcode:add, llfi_index: 821;  opcode:store, llfi_index: 822; 
START ; 
START ; 
START ; 
START ; 
START ;  opcode:load, llfi_index: 825;  opcode:add, llfi_index: 826;  opcode:store, llfi_index: 827; 
START ; 
START ; 
START ; 
START ; 
START ;  opcode:load, llfi_index: 830;  opcode:add, llfi_index: 831;  opcode:store, llfi_index: 832; 
START ; 
START ; 
START ; 
START ; 
START ;  opcode:store, llfi_index: 835; 
START ; 
START ;  opcode:load, llfi_index: 837; 
START ; 
START ; 
START ; 
START ; 
START ; 
START ;  opcode:load, llfi_index: 843;  opcode:sub, llfi_index: 844;  opcode:store, llfi_index: 845; 
START ; 
START ; 
START ; 
START ;  opcode:load, llfi_index: 847; 
START ; 
START ; 
START ; 
START ; 
START ; 
START ; 
START ; 
START ; 
START ;  opcode:load, llfi_index: 856; 
START ; 
START ; 
START ;  opcode:load, llfi_index: 859; 
START ; 
START ; 
START ;  opcode:store, llfi_index: 862; 
START ; 
START ;  opcode:load, llfi_index: 864;  opcode:icmp, llfi_index: 865; 
START ; 
START ; 
START ;  opcode:store, llfi_index: 867; 
START ; 
START ;  opcode:load, llfi_index: 869;  opcode:icmp, llfi_index: 870; 
START ; 
START ; 
START ; 
START ; 
START ; 
START ;  opcode:load, llfi_index: 875; 
START ; 
START ; 
START ; 
START ;  opcode:load, llfi_index: 879;  opcode:mul, llfi_index: 880; 
START ; 
START ; 
START ;  opcode:load, llfi_index: 882; 
START ; 
START ; 
START ; 
START ; 
START ; 
START ; 
START ;  opcode:load, llfi_index: 889;  opcode:mul, llfi_index: 890;  opcode:add, llfi_index: 892;  opcode:sext, llfi_index: 893; 
START ; 
START ;  opcode:load, llfi_index: 891; 
START ; 
START ; 
START ; 
START ; 
START ; 
START ;  opcode:load, llfi_index: 897;  opcode:add, llfi_index: 898;  opcode:store, llfi_index: 899; 
START ; 
START ; 
START ; 
START ; 
START ;  opcode:load, llfi_index: 902;  opcode:add, llfi_index: 903;  opcode:store, llfi_index: 904; 
START ; 
START ; 
START ; 
START ;  opcode:store, llfi_index: 906; 
START ; 
START ;  opcode:load, llfi_index: 908;  opcode:icmp, llfi_index: 909; 
START ; 
START ; 
START ;  opcode:store, llfi_index: 911; 
START ; 
START ;  opcode:load, llfi_index: 913;  opcode:icmp, llfi_index: 914; 
START ; 
START ; 
START ; 
START ; 
START ; 
START ;  opcode:load, llfi_index: 919; 
START ; 
START ; 
START ;  opcode:load, llfi_index: 922;  opcode:mul, llfi_index: 923; 
START ; 
START ; 
START ;  opcode:load, llfi_index: 925; 
START ; 
START ; 
START ; 
START ; 
START ; 
START ;  opcode:load, llfi_index: 931;  opcode:mul, llfi_index: 932;  opcode:add, llfi_index: 934;  opcode:sext, llfi_index: 935; 
START ; 
START ;  opcode:load, llfi_index: 933; 
START ; 
START ; 
START ; 
START ; 
START ; 
START ;  opcode:load, llfi_index: 939;  opcode:add, llfi_index: 940;  opcode:store, llfi_index: 941; 
START ; 
START ; 
START ; 
START ; 
START ;  opcode:load, llfi_index: 944;  opcode:add, llfi_index: 945;  opcode:store, llfi_index: 946; 
START ; 
START ; 
START ; 
START ;  opcode:store, llfi_index: 948; 
START ; 
START ;  opcode:load, llfi_index: 950;  opcode:icmp, llfi_index: 951; 
START ; 
START ; 
START ;  opcode:store, llfi_index: 953; 
START ; 
START ;  opcode:load, llfi_index: 955;  opcode:icmp, llfi_index: 956; 
START ; 
START ; 
START ;  opcode:load, llfi_index: 958;  opcode:sub, llfi_index: 959;  opcode:mul, llfi_index: 960;  opcode:add, llfi_index: 962;  opcode:sub, llfi_index: 963;  opcode:sext, llfi_index: 964; 
START ; 
START ; 
START ;  opcode:load, llfi_index: 961; 
START ; 
START ; 
START ; 
START ; 
START ; 
START ;  opcode:load, llfi_index: 967;  opcode:sub, llfi_index: 968;  opcode:mul, llfi_index: 969;  opcode:add, llfi_index: 971;  opcode:sub, llfi_index: 972;  opcode:sext, llfi_index: 973; 
START ; 
START ; 
START ;  opcode:load, llfi_index: 970; 
START ; 
START ; 
START ; 
START ; 
START ; 
START ; 
START ;  opcode:load, llfi_index: 977;  opcode:mul, llfi_index: 978;  opcode:add, llfi_index: 980;  opcode:sub, llfi_index: 981;  opcode:sext, llfi_index: 982; 
START ; 
START ;  opcode:load, llfi_index: 979; 
START ; 
START ; 
START ; 
START ; 
START ; 
START ; 
START ; 
START ;  opcode:load, llfi_index: 987;  opcode:sub, llfi_index: 988;  opcode:mul, llfi_index: 989;  opcode:add, llfi_index: 991;  opcode:sext, llfi_index: 992; 
START ; 
START ; 
START ;  opcode:load, llfi_index: 990; 
START ; 
START ; 
START ; 
START ; 
START ; 
START ; 
START ; 
START ;  opcode:load, llfi_index: 998;  opcode:mul, llfi_index: 999;  opcode:add, llfi_index: 1001;  opcode:sext, llfi_index: 1002; 
START ; 
START ;  opcode:load, llfi_index: 1000; 
START ; 
START ; 
START ; 
START ; 
START ; 
START ;  opcode:load, llfi_index: 1006;  opcode:add, llfi_index: 1007;  opcode:store, llfi_index: 1008; 
START ; 
START ; 
START ; 
START ; 
START ;  opcode:load, llfi_index: 1011;  opcode:add, llfi_index: 1012;  opcode:store, llfi_index: 1013; 
START ; 
START ; 
START ; 
START ;  opcode:store, llfi_index: 1015; 
START ; 
START ;  opcode:load, llfi_index: 1017;  opcode:icmp, llfi_index: 1018; 
START ; 
START ; 
START ;  opcode:store, llfi_index: 1020; 
START ; 
START ;  opcode:load, llfi_index: 1022;  opcode:icmp, llfi_index: 1023; 
START ; 
START ; 
START ;  opcode:load, llfi_index: 1025;  opcode:add, llfi_index: 1026;  opcode:mul, llfi_index: 1027;  opcode:add, llfi_index: 1029;  opcode:add, llfi_index: 1030;  opcode:sext, llfi_index: 1031; 
START ; 
START ; 
START ;  opcode:load, llfi_index: 1028; 
START ; 
START ; 
START ; 
START ; 
START ; 
START ; 
START ; 
START ; 
START ;  opcode:load, llfi_index: 1037; 
START ; 
START ; 
START ; 
START ;  opcode:load, llfi_index: 1041;  opcode:mul, llfi_index: 1042; 
START ; 
START ; 
START ;  opcode:load, llfi_index: 1044; 
START ; 
START ; 
START ; 
START ; 
START ; 
START ; 
START ; 
START ;  opcode:load, llfi_index: 1052;  opcode:add, llfi_index: 1053;  opcode:store, llfi_index: 1054; 
START ; 
START ; 
START ; 
START ; 
START ;  opcode:load, llfi_index: 1057;  opcode:add, llfi_index: 1058;  opcode:store, llfi_index: 1059; 
START ; 
START ; 
START ; 
START ; 
START ;  opcode:load, llfi_index: 1062;  opcode:add, llfi_index: 1063;  opcode:store, llfi_index: 1064; 
START ; 
START ; 
START ; 
START ; 
START ;  opcode:load, llfi_index: 1067;  opcode:add, llfi_index: 1068;  opcode:store, llfi_index: 1069; 
START ; 
START ; 
START ; 
START ; 
