START ;  opcode:load, llfi_index: 1; 
START ;  opcode:load, llfi_index: 2; 
START ; 
START ; 
START ; 
START ; 
START ;  opcode:load, llfi_index: 39; 
START ;  opcode:load, llfi_index: 44;  opcode:load, llfi_index: 46;  opcode:icmp, llfi_index: 49;  opcode:store, llfi_index: 48;  opcode:load, llfi_index: 40; 
START ;  opcode:load, llfi_index: 312;  opcode:icmp, llfi_index: 313;  opcode:load, llfi_index: 267;  opcode:icmp, llfi_index: 268;  opcode:load, llfi_index: 191;  opcode:icmp, llfi_index: 192;  opcode:load, llfi_index: 168;  opcode:icmp, llfi_index: 169;  opcode:load, llfi_index: 159;  opcode:sext, llfi_index: 160;  opcode:shl, llfi_index: 161;  opcode:bitcast, llfi_index: 163;  opcode:store, llfi_index: 164;  opcode:load, llfi_index: 77;  opcode:icmp, llfi_index: 78;  opcode:load, llfi_index: 70;  opcode:sext, llfi_index: 71;  opcode:store, llfi_index: 73;  opcode:load, llfi_index: 66;  opcode:sext, llfi_index: 67;  opcode:store, llfi_index: 69;  opcode:load, llfi_index: 62;  opcode:sext, llfi_index: 63;  opcode:store, llfi_index: 65;  opcode:load, llfi_index: 56;  opcode:sext, llfi_index: 57;  opcode:shl, llfi_index: 58;  opcode:bitcast, llfi_index: 60;  opcode:store, llfi_index: 61; 
START ;  opcode:load, llfi_index: 136;  opcode:icmp, llfi_index: 137;  opcode:load, llfi_index: 127;  opcode:sext, llfi_index: 128;  opcode:shl, llfi_index: 129;  opcode:bitcast, llfi_index: 131;  opcode:store, llfi_index: 132; 
START ;  opcode:load, llfi_index: 180;  opcode:sext, llfi_index: 181;  opcode:load, llfi_index: 120;  opcode:sext, llfi_index: 121;  opcode:load, llfi_index: 115;  opcode:sext, llfi_index: 116; 
START ;  opcode:load, llfi_index: 328;  opcode:bitcast, llfi_index: 329;  opcode:load, llfi_index: 217;  opcode:load, llfi_index: 222;  opcode:add, llfi_index: 223;  opcode:icmp, llfi_index: 224;  opcode:load, llfi_index: 219;  opcode:load, llfi_index: 209;  opcode:load, llfi_index: 211;  opcode:load, llfi_index: 91;  opcode:load, llfi_index: 85; 
START ;  opcode:load, llfi_index: 334;  opcode:load, llfi_index: 280;  opcode:load, llfi_index: 204;  opcode:load, llfi_index: 196;  opcode:load, llfi_index: 198;  opcode:and, llfi_index: 199;  opcode:icmp, llfi_index: 200;  opcode:load, llfi_index: 117;  opcode:load, llfi_index: 96; 
START ;  opcode:load, llfi_index: 336;  opcode:load, llfi_index: 291;  opcode:load, llfi_index: 272;  opcode:load, llfi_index: 274;  opcode:and, llfi_index: 275;  opcode:icmp, llfi_index: 276;  opcode:load, llfi_index: 251;  opcode:load, llfi_index: 101; 
START ;  opcode:load, llfi_index: 338;  opcode:load, llfi_index: 285;  opcode:load, llfi_index: 233;  opcode:load, llfi_index: 235;  opcode:and, llfi_index: 236;  opcode:icmp, llfi_index: 237;  opcode:load, llfi_index: 122;  opcode:load, llfi_index: 106; 
START ;  opcode:load, llfi_index: 82;  opcode:store, llfi_index: 87; 
START ;  opcode:load, llfi_index: 88;  opcode:store, llfi_index: 93; 
START ;  opcode:load, llfi_index: 110;  opcode:add, llfi_index: 111;  opcode:load, llfi_index: 104;  opcode:zext, llfi_index: 105;  opcode:load, llfi_index: 99;  opcode:zext, llfi_index: 100;  opcode:load, llfi_index: 94;  opcode:zext, llfi_index: 95;  opcode:load, llfi_index: 89;  opcode:zext, llfi_index: 90;  opcode:load, llfi_index: 83;  opcode:zext, llfi_index: 84; 
START ;  opcode:load, llfi_index: 143;  opcode:store, llfi_index: 148; 
START ; 
START ;  opcode:load, llfi_index: 331;  opcode:bitcast, llfi_index: 332;  opcode:load, llfi_index: 228;  opcode:load, llfi_index: 230;  opcode:sext, llfi_index: 232;  opcode:store, llfi_index: 231;  opcode:load, llfi_index: 146; 
START ;  opcode:load, llfi_index: 150;  opcode:add, llfi_index: 151;  opcode:load, llfi_index: 144;  opcode:sext, llfi_index: 145; 
START ;  opcode:load, llfi_index: 340;  opcode:bitcast, llfi_index: 341;  opcode:load, llfi_index: 318;  opcode:load, llfi_index: 320;  opcode:load, llfi_index: 241;  opcode:load, llfi_index: 243;  opcode:add, llfi_index: 244;  opcode:store, llfi_index: 248;  opcode:load, llfi_index: 182;  opcode:load, llfi_index: 173; 
START ;  opcode:load, llfi_index: 177;  opcode:add, llfi_index: 178;  opcode:load, llfi_index: 171;  opcode:sext, llfi_index: 172; 
START ; 
START ;  opcode:load, llfi_index: 303;  opcode:and, llfi_index: 304;  opcode:icmp, llfi_index: 305; 
START ;  opcode:load, llfi_index: 261;  opcode:add, llfi_index: 262;  opcode:load, llfi_index: 239;  opcode:sext, llfi_index: 240;  opcode:load, llfi_index: 215;  opcode:sext, llfi_index: 220;  opcode:sext, llfi_index: 216;  opcode:load, llfi_index: 207;  opcode:sext, llfi_index: 208;  opcode:load, llfi_index: 202;  opcode:sext, llfi_index: 203;  opcode:load, llfi_index: 194;  opcode:sext, llfi_index: 195; 
START ;  opcode:load, llfi_index: 256;  opcode:add, llfi_index: 257;  opcode:load, llfi_index: 226;  opcode:sext, llfi_index: 227; 
START ;  opcode:load, llfi_index: 249;  opcode:sext, llfi_index: 250;  opcode:load, llfi_index: 245;  opcode:sext, llfi_index: 246; 
START ;  opcode:load, llfi_index: 296;  opcode:add, llfi_index: 297;  opcode:load, llfi_index: 289;  opcode:sext, llfi_index: 290;  opcode:load, llfi_index: 283;  opcode:sext, llfi_index: 284;  opcode:load, llfi_index: 278;  opcode:sext, llfi_index: 279;  opcode:load, llfi_index: 270;  opcode:sext, llfi_index: 271; 
START ;  opcode:load, llfi_index: 326;  opcode:load, llfi_index: 315; 
START ;  opcode:load, llfi_index: 323;  opcode:add, llfi_index: 324;  opcode:load, llfi_index: 316; 
START ;  opcode:store, llfi_index: 33; 
START ;  opcode:store, llfi_index: 34; 
START ;  opcode:store, llfi_index: 35; 
START ;  opcode:store, llfi_index: 36; 
START ;  opcode:icmp, llfi_index: 37; 
START ; 
START ; 
START ; 
START ; 
START ; 
START ; 
START ; 
START ; 
START ; 
START ; 
START ; 
START ; 
START ; 
START ; 
START ; 
START ;  opcode:store, llfi_index: 53; 
START ;  opcode:load, llfi_index: 54; 
START ; 
START ; 
START ; 
START ; 
START ; 
START ; 
START ; 
START ; 
START ; 
START ; 
START ; 
START ; 
START ; 
START ; 
START ; 
START ; 
START ; 
START ; 
START ; 
START ; 
START ; 
START ;  opcode:store, llfi_index: 76; 
START ; 
START ; 
START ; 
START ;  opcode:load, llfi_index: 80; 
START ; 
START ; 
START ; 
START ; 
START ; 
START ; 
START ; 
START ; 
START ; 
START ; 
START ; 
START ; 
START ; 
START ; 
START ; 
START ; 
START ; 
START ;  opcode:store, llfi_index: 98; 
START ; 
START ; 
START ; 
START ; 
START ;  opcode:store, llfi_index: 103; 
START ; 
START ; 
START ; 
START ; 
START ;  opcode:store, llfi_index: 108; 
START ; 
START ; 
START ; 
START ; 
START ;  opcode:load, llfi_index: 113; 
START ; 
START ; 
START ; 
START ; 
START ; 
START ;  opcode:store, llfi_index: 119; 
START ; 
START ; 
START ; 
START ; 
START ;  opcode:store, llfi_index: 124; 
START ;  opcode:load, llfi_index: 125; 
START ; 
START ; 
START ; 
START ; 
START ; 
START ; 
START ; 
START ; 
START ; 
START ;  opcode:store, llfi_index: 135; 
START ; 
START ; 
START ; 
START ;  opcode:load, llfi_index: 139; 
START ; 
START ;  opcode:load, llfi_index: 141; 
START ; 
START ; 
START ; 
START ; 
START ; 
START ; 
START ; 
START ; 
START ; 
START ; 
START ; 
START ;  opcode:load, llfi_index: 153;  opcode:icmp, llfi_index: 154; 
START ; 
START ; 
START ;  opcode:load, llfi_index: 156; 
START ; 
START ; 
START ; 
START ; 
START ; 
START ; 
START ; 
START ; 
START ; 
START ; 
START ;  opcode:store, llfi_index: 167; 
START ; 
START ; 
START ; 
START ; 
START ; 
START ; 
START ; 
START ;  opcode:store, llfi_index: 175; 
START ; 
START ; 
START ; 
START ; 
START ; 
START ; 
START ; 
START ; 
START ;  opcode:store, llfi_index: 184; 
START ;  opcode:store, llfi_index: 185; 
START ; 
START ;  opcode:store, llfi_index: 187; 
START ; 
START ; 
START ;  opcode:store, llfi_index: 190; 
START ; 
START ; 
START ; 
START ; 
START ; 
START ; 
START ; 
START ; 
START ; 
START ; 
START ; 
START ; 
START ; 
START ; 
START ; 
START ;  opcode:store, llfi_index: 206; 
START ; 
START ; 
START ; 
START ; 
START ; 
START ; 
START ; 
START ;  opcode:store, llfi_index: 214; 
START ; 
START ; 
START ; 
START ; 
START ; 
START ; 
START ; 
START ; 
START ; 
START ; 
START ; 
START ; 
START ; 
START ; 
START ; 
START ; 
START ; 
START ; 
START ; 
START ; 
START ; 
START ; 
START ; 
START ; 
START ; 
START ; 
START ; 
START ; 
START ; 
START ; 
START ; 
START ; 
START ; 
START ; 
START ; 
START ; 
START ; 
START ; 
START ;  opcode:store, llfi_index: 253; 
START ; 
START ; 
START ; 
START ; 
START ; 
START ; 
START ; 
START ; 
START ; 
START ; 
START ; 
START ; 
START ;  opcode:store, llfi_index: 266; 
START ; 
START ; 
START ; 
START ; 
START ; 
START ; 
START ; 
START ; 
START ; 
START ; 
START ; 
START ; 
START ; 
START ; 
START ; 
START ;  opcode:store, llfi_index: 282; 
START ; 
START ; 
START ; 
START ; 
START ;  opcode:store, llfi_index: 287; 
START ;  opcode:store, llfi_index: 288; 
START ; 
START ; 
START ; 
START ; 
START ;  opcode:store, llfi_index: 293; 
START ; 
START ; 
START ; 
START ; 
START ; 
START ;  opcode:load, llfi_index: 299;  opcode:add, llfi_index: 300;  opcode:store, llfi_index: 301; 
START ; 
START ; 
START ; 
START ; 
START ; 
START ; 
START ; 
START ;  opcode:store, llfi_index: 308; 
START ; 
START ; 
START ; 
START ;  opcode:store, llfi_index: 311; 
START ; 
START ; 
START ; 
START ; 
START ; 
START ;  opcode:sext, llfi_index: 317; 
START ; 
START ; 
START ; 
START ; 
START ; 
START ; 
START ; 
START ; 
START ; 
START ; 
START ; 
START ; 
START ; 
START ; 
START ; 
START ; 
START ; 
START ; 
START ; 
START ; 
START ; 
START ; 
START ; 
START ; 
START ; 
START ; 
START ; 
