START ;  opcode:load, llfi_index: 7;  opcode:add, llfi_index: 8;  opcode:load, llfi_index: 4;  opcode:mul, llfi_index: 5; 
START ; 
START ; 
START ; 
START ; 
START ; 
START ; 
START ; 
START ; 
START ;  opcode:load, llfi_index: 21;  opcode:icmp, llfi_index: 26;  opcode:store, llfi_index: 24; 
START ;  opcode:load, llfi_index: 19; 
START ;  opcode:load, llfi_index: 28;  opcode:load, llfi_index: 25; 
START ;  opcode:load, llfi_index: 30; 
START ;  opcode:store, llfi_index: 14; 
START ;  opcode:store, llfi_index: 15; 
START ;  opcode:store, llfi_index: 16; 
START ;  opcode:icmp, llfi_index: 17; 
START ; 
START ; 
START ; 
START ; 
START ; 
START ; 
START ; 
START ; 
START ; 
START ; 
START ; 
START ; 
START ; 
START ; 
START ; 
START ; 
START ;  opcode:load, llfi_index: 40;  opcode:sitofp, llfi_index: 41;  opcode:fmul, llfi_index: 42;  opcode:fadd, llfi_index: 43;  opcode:load, llfi_index: 37;  opcode:sitofp, llfi_index: 38; 
START ; 
START ; 
START ; 
START ; 
START ; 
START ; 
START ; 
START ; 
START ; 
START ; 
START ; 
START ; 
START ;  opcode:load, llfi_index: 98; 
START ;  opcode:load, llfi_index: 99;  opcode:load, llfi_index: 88;  opcode:load, llfi_index: 94;  opcode:store, llfi_index: 96;  opcode:load, llfi_index: 90;  opcode:store, llfi_index: 92;  opcode:load, llfi_index: 79;  opcode:load, llfi_index: 85;  opcode:store, llfi_index: 87;  opcode:load, llfi_index: 81;  opcode:store, llfi_index: 83; 
START ;  opcode:load, llfi_index: 318;  opcode:add, llfi_index: 319;  opcode:icmp, llfi_index: 320;  opcode:load, llfi_index: 313;  opcode:add, llfi_index: 314;  opcode:icmp, llfi_index: 315;  opcode:load, llfi_index: 303;  opcode:add, llfi_index: 306;  opcode:store, llfi_index: 307;  opcode:add, llfi_index: 304;  opcode:store, llfi_index: 305;  opcode:load, llfi_index: 289;  opcode:load, llfi_index: 246;  opcode:icmp, llfi_index: 247;  opcode:load, llfi_index: 207;  opcode:icmp, llfi_index: 208;  opcode:load, llfi_index: 169;  opcode:icmp, llfi_index: 170;  opcode:load, llfi_index: 145;  opcode:icmp, llfi_index: 146;  opcode:load, llfi_index: 122;  opcode:mul, llfi_index: 124;  opcode:sext, llfi_index: 125;  opcode:shl, llfi_index: 126;  opcode:bitcast, llfi_index: 128;  opcode:store, llfi_index: 129;  opcode:load, llfi_index: 114;  opcode:mul, llfi_index: 116;  opcode:sext, llfi_index: 117;  opcode:shl, llfi_index: 118;  opcode:bitcast, llfi_index: 120;  opcode:store, llfi_index: 121; 
START ;  opcode:load, llfi_index: 421;  opcode:mul, llfi_index: 422;  opcode:add, llfi_index: 424;  opcode:sext, llfi_index: 425;  opcode:load, llfi_index: 428;  opcode:add, llfi_index: 429;  opcode:store, llfi_index: 430;  opcode:load, llfi_index: 406;  opcode:mul, llfi_index: 407;  opcode:add, llfi_index: 409;  opcode:sext, llfi_index: 410;  opcode:load, llfi_index: 413;  opcode:store, llfi_index: 414;  opcode:load, llfi_index: 388;  opcode:mul, llfi_index: 389;  opcode:add, llfi_index: 391;  opcode:add, llfi_index: 392;  opcode:sext, llfi_index: 393;  opcode:load, llfi_index: 396;  opcode:store, llfi_index: 397;  opcode:load, llfi_index: 372;  opcode:mul, llfi_index: 373;  opcode:add, llfi_index: 375;  opcode:sext, llfi_index: 376;  opcode:load, llfi_index: 379;  opcode:store, llfi_index: 380;  opcode:load, llfi_index: 360;  opcode:mul, llfi_index: 361;  opcode:add, llfi_index: 363;  opcode:add, llfi_index: 364;  opcode:sext, llfi_index: 365;  opcode:load, llfi_index: 368;  opcode:store, llfi_index: 369;  opcode:load, llfi_index: 349;  opcode:mul, llfi_index: 350;  opcode:add, llfi_index: 352;  opcode:add, llfi_index: 353;  opcode:sext, llfi_index: 354;  opcode:load, llfi_index: 357;  opcode:store, llfi_index: 358;  opcode:load, llfi_index: 324;  opcode:mul, llfi_index: 325;  opcode:add, llfi_index: 327;  opcode:sext, llfi_index: 328;  opcode:load, llfi_index: 331;  opcode:load, llfi_index: 290;  opcode:load, llfi_index: 266;  opcode:icmp, llfi_index: 267;  opcode:load, llfi_index: 253;  opcode:mul, llfi_index: 254;  opcode:sext, llfi_index: 255;  opcode:load, llfi_index: 227;  opcode:mul, llfi_index: 228;  opcode:add, llfi_index: 230;  opcode:sext, llfi_index: 231;  opcode:load, llfi_index: 217;  opcode:mul, llfi_index: 218;  opcode:sext, llfi_index: 219;  opcode:load, llfi_index: 222;  opcode:sext, llfi_index: 223;  opcode:load, llfi_index: 225;  opcode:store, llfi_index: 234;  opcode:load, llfi_index: 201;  opcode:icmp, llfi_index: 202;  opcode:load, llfi_index: 186;  opcode:icmp, llfi_index: 187;  opcode:load, llfi_index: 173;  opcode:mul, llfi_index: 174;  opcode:sext, llfi_index: 175;  opcode:load, llfi_index: 149;  opcode:mul, llfi_index: 150;  opcode:add, llfi_index: 152;  opcode:sext, llfi_index: 153;  opcode:load, llfi_index: 139;  opcode:icmp, llfi_index: 140;  opcode:load, llfi_index: 123;  opcode:load, llfi_index: 115; 
START ;  opcode:load, llfi_index: 432;  opcode:sub, llfi_index: 436;  opcode:icmp, llfi_index: 442;  opcode:store, llfi_index: 440;  opcode:store, llfi_index: 437;  opcode:sub, llfi_index: 433;  opcode:load, llfi_index: 291;  opcode:load, llfi_index: 271;  opcode:mul, llfi_index: 272;  opcode:store, llfi_index: 276;  opcode:load, llfi_index: 251;  opcode:mul, llfi_index: 252;  opcode:store, llfi_index: 258; 
START ;  opcode:load, llfi_index: 500;  opcode:bitcast, llfi_index: 501;  opcode:load, llfi_index: 411;  opcode:load, llfi_index: 394;  opcode:load, llfi_index: 377;  opcode:load, llfi_index: 366;  opcode:load, llfi_index: 355;  opcode:load, llfi_index: 329;  opcode:load, llfi_index: 286;  opcode:load, llfi_index: 274;  opcode:load, llfi_index: 256;  opcode:load, llfi_index: 220;  opcode:load, llfi_index: 212;  opcode:load, llfi_index: 214;  opcode:sext, llfi_index: 215;  opcode:load, llfi_index: 191;  opcode:load, llfi_index: 176;  opcode:load, llfi_index: 154;  opcode:load, llfi_index: 130;  opcode:icmp, llfi_index: 131; 
START ;  opcode:load, llfi_index: 503;  opcode:bitcast, llfi_index: 504;  opcode:load, llfi_index: 287; 
START ;  opcode:load, llfi_index: 497;  opcode:bitcast, llfi_index: 498;  opcode:load, llfi_index: 426;  opcode:load, llfi_index: 288;  opcode:load, llfi_index: 232; 
START ;  opcode:load, llfi_index: 281; 
START ;  opcode:load, llfi_index: 162;  opcode:add, llfi_index: 163;  opcode:load, llfi_index: 148; 
START ;  opcode:load, llfi_index: 158;  opcode:add, llfi_index: 159;  opcode:load, llfi_index: 151; 
START ;  opcode:load, llfi_index: 180;  opcode:add, llfi_index: 181;  opcode:load, llfi_index: 172; 
START ;  opcode:load, llfi_index: 195;  opcode:add, llfi_index: 196;  opcode:load, llfi_index: 189;  opcode:sext, llfi_index: 190; 
START ;  opcode:load, llfi_index: 240;  opcode:add, llfi_index: 241;  opcode:load, llfi_index: 226;  opcode:load, llfi_index: 216; 
START ;  opcode:load, llfi_index: 236;  opcode:add, llfi_index: 237;  opcode:load, llfi_index: 229;  opcode:load, llfi_index: 210;  opcode:sext, llfi_index: 211; 
START ;  opcode:load, llfi_index: 260;  opcode:add, llfi_index: 261;  opcode:load, llfi_index: 249; 
START ;  opcode:load, llfi_index: 278;  opcode:add, llfi_index: 279;  opcode:load, llfi_index: 269;  opcode:sext, llfi_index: 273;  opcode:sub, llfi_index: 270; 
START ;  opcode:load, llfi_index: 294;  opcode:sub, llfi_index: 295;  opcode:sitofp, llfi_index: 296;  opcode:fdiv, llfi_index: 297;  opcode:fpext, llfi_index: 298; 
START ;  opcode:load, llfi_index: 495;  opcode:load, llfi_index: 461;  opcode:load, llfi_index: 322; 
START ; 
START ; 
START ;  opcode:load, llfi_index: 465;  opcode:icmp, llfi_index: 466;  opcode:load, llfi_index: 444;  opcode:store, llfi_index: 445;  opcode:load, llfi_index: 419; 
START ;  opcode:load, llfi_index: 484;  opcode:icmp, llfi_index: 485;  opcode:load, llfi_index: 458;  opcode:store, llfi_index: 459;  opcode:load, llfi_index: 435; 
START ;  opcode:load, llfi_index: 476;  opcode:icmp, llfi_index: 477;  opcode:load, llfi_index: 451;  opcode:store, llfi_index: 452;  opcode:load, llfi_index: 431; 
START ;  opcode:load, llfi_index: 483;  opcode:load, llfi_index: 475;  opcode:load, llfi_index: 464;  opcode:load, llfi_index: 462; 
START ;  opcode:load, llfi_index: 441;  opcode:load, llfi_index: 438; 
START ;  opcode:load, llfi_index: 448;  opcode:icmp, llfi_index: 449; 
START ;  opcode:load, llfi_index: 455;  opcode:icmp, llfi_index: 456; 
START ;  opcode:store, llfi_index: 75; 
START ;  opcode:store, llfi_index: 76; 
START ;  opcode:icmp, llfi_index: 77; 
START ; 
START ; 
START ; 
START ; 
START ; 
START ; 
START ; 
START ; 
START ; 
START ; 
START ; 
START ; 
START ; 
START ; 
START ; 
START ; 
START ; 
START ; 
START ; 
START ; 
START ; 
START ; 
START ; 
START ; 
START ;  opcode:load, llfi_index: 102;  opcode:add, llfi_index: 103;  opcode:mul, llfi_index: 108;  opcode:sext, llfi_index: 109;  opcode:shl, llfi_index: 110;  opcode:bitcast, llfi_index: 112;  opcode:store, llfi_index: 113;  opcode:store, llfi_index: 104; 
START ; 
START ; 
START ;  opcode:load, llfi_index: 105;  opcode:add, llfi_index: 106; 
START ; 
START ;  opcode:store, llfi_index: 107; 
START ; 
START ; 
START ; 
START ; 
START ; 
START ; 
START ; 
START ; 
START ; 
START ; 
START ; 
START ; 
START ; 
START ; 
START ; 
START ; 
START ; 
START ; 
START ; 
START ; 
START ; 
START ; 
START ; 
START ; 
START ; 
START ;  opcode:load, llfi_index: 133; 
START ; 
START ; 
START ; 
START ; 
START ;  opcode:store, llfi_index: 138; 
START ; 
START ; 
START ; 
START ; 
START ; 
START ;  opcode:store, llfi_index: 144; 
START ; 
START ; 
START ; 
START ; 
START ; 
START ; 
START ; 
START ; 
START ; 
START ; 
START ; 
START ;  opcode:store, llfi_index: 156; 
START ; 
START ; 
START ; 
START ; 
START ; 
START ; 
START ; 
START ; 
START ; 
START ; 
START ; 
START ;  opcode:store, llfi_index: 168; 
START ; 
START ; 
START ; 
START ; 
START ; 
START ; 
START ; 
START ; 
START ; 
START ;  opcode:store, llfi_index: 178; 
START ; 
START ; 
START ; 
START ; 
START ; 
START ; 
START ;  opcode:store, llfi_index: 185; 
START ; 
START ; 
START ; 
START ; 
START ; 
START ; 
START ; 
START ;  opcode:store, llfi_index: 193; 
START ; 
START ; 
START ; 
START ; 
START ; 
START ; 
START ;  opcode:store, llfi_index: 200; 
START ; 
START ; 
START ; 
START ; 
START ; 
START ;  opcode:store, llfi_index: 206; 
START ; 
START ; 
START ; 
START ; 
START ; 
START ; 
START ; 
START ; 
START ; 
START ; 
START ; 
START ; 
START ; 
START ; 
START ; 
START ; 
START ; 
START ; 
START ; 
START ; 
START ; 
START ; 
START ; 
START ; 
START ; 
START ; 
START ; 
START ; 
START ; 
START ; 
START ; 
START ; 
START ; 
START ; 
START ; 
START ; 
START ; 
START ; 
START ;  opcode:store, llfi_index: 245; 
START ; 
START ; 
START ; 
START ; 
START ;  opcode:sub, llfi_index: 250; 
START ; 
START ; 
START ; 
START ; 
START ; 
START ; 
START ; 
START ; 
START ; 
START ; 
START ; 
START ; 
START ; 
START ; 
START ;  opcode:store, llfi_index: 265; 
START ; 
START ; 
START ; 
START ; 
START ; 
START ; 
START ; 
START ; 
START ; 
START ; 
START ; 
START ; 
START ; 
START ; 
START ; 
START ; 
START ; 
START ; 
START ;  opcode:store, llfi_index: 285; 
START ; 
START ; 
START ; 
START ; 
START ; 
START ; 
START ; 
START ; 
START ; 
START ; 
START ; 
START ; 
START ; 
START ; 
START ; 
START ;  opcode:store, llfi_index: 301; 
START ; 
START ; 
START ; 
START ; 
START ; 
START ; 
START ; 
START ; 
START ;  opcode:load, llfi_index: 309;  opcode:icmp, llfi_index: 310; 
START ; 
START ; 
START ;  opcode:load, llfi_index: 312; 
START ; 
START ; 
START ; 
START ; 
START ;  opcode:load, llfi_index: 317; 
START ; 
START ; 
START ; 
START ; 
START ; 
START ;  opcode:load, llfi_index: 323; 
START ; 
START ; 
START ;  opcode:load, llfi_index: 326; 
START ; 
START ; 
START ; 
START ; 
START ; 
START ; 
START ; 
START ;  opcode:load, llfi_index: 334;  opcode:icmp, llfi_index: 335; 
START ; 
START ; 
START ;  opcode:load, llfi_index: 337;  opcode:icmp, llfi_index: 338; 
START ; 
START ; 
START ; 
START ;  opcode:load, llfi_index: 341;  opcode:icmp, llfi_index: 342; 
START ; 
START ; 
START ;  opcode:load, llfi_index: 344;  opcode:icmp, llfi_index: 345; 
START ; 
START ; 
START ;  opcode:load, llfi_index: 347;  opcode:add, llfi_index: 348; 
START ; 
START ; 
START ; 
START ;  opcode:load, llfi_index: 351; 
START ; 
START ; 
START ; 
START ; 
START ; 
START ; 
START ; 
START ;  opcode:load, llfi_index: 359; 
START ; 
START ; 
START ;  opcode:load, llfi_index: 362; 
START ; 
START ; 
START ; 
START ; 
START ; 
START ; 
START ; 
START ;  opcode:load, llfi_index: 370;  opcode:add, llfi_index: 371; 
START ; 
START ; 
START ; 
START ;  opcode:load, llfi_index: 374; 
START ; 
START ; 
START ; 
START ; 
START ; 
START ; 
START ; 
START ;  opcode:load, llfi_index: 382;  opcode:icmp, llfi_index: 383; 
START ; 
START ; 
START ;  opcode:store, llfi_index: 385; 
START ;  opcode:store, llfi_index: 386; 
START ;  opcode:load, llfi_index: 387; 
START ; 
START ; 
START ;  opcode:load, llfi_index: 390; 
START ; 
START ; 
START ; 
START ; 
START ; 
START ; 
START ; 
START ; 
START ;  opcode:load, llfi_index: 399;  opcode:icmp, llfi_index: 400; 
START ; 
START ; 
START ;  opcode:store, llfi_index: 402; 
START ;  opcode:store, llfi_index: 403; 
START ;  opcode:load, llfi_index: 404;  opcode:add, llfi_index: 405; 
START ; 
START ; 
START ; 
START ;  opcode:load, llfi_index: 408; 
START ; 
START ; 
START ; 
START ; 
START ; 
START ; 
START ; 
START ; 
START ; 
START ; 
START ; 
START ;  opcode:load, llfi_index: 420; 
START ; 
START ; 
START ;  opcode:load, llfi_index: 423; 
START ; 
START ; 
START ; 
START ; 
START ; 
START ; 
START ; 
START ; 
START ; 
START ; 
START ;  opcode:store, llfi_index: 434; 
START ; 
START ; 
START ; 
START ; 
START ; 
START ; 
START ; 
START ; 
START ; 
START ; 
START ; 
START ; 
START ;  opcode:load, llfi_index: 447; 
START ; 
START ; 
START ; 
START ; 
START ; 
START ; 
START ;  opcode:load, llfi_index: 454; 
START ; 
START ; 
START ; 
START ; 
START ; 
START ; 
START ; 
START ; 
START ; 
START ; 
START ; 
START ; 
START ; 
START ;  opcode:load, llfi_index: 468;  opcode:add, llfi_index: 469;  opcode:store, llfi_index: 470; 
START ; 
START ; 
START ;  opcode:load, llfi_index: 471;  opcode:add, llfi_index: 472;  opcode:store, llfi_index: 473; 
START ; 
START ; 
START ; 
START ; 
START ; 
START ; 
START ; 
START ;  opcode:load, llfi_index: 479;  opcode:add, llfi_index: 480;  opcode:store, llfi_index: 481; 
START ; 
START ; 
START ; 
START ; 
START ; 
START ; 
START ; 
START ;  opcode:load, llfi_index: 487;  opcode:add, llfi_index: 488;  opcode:store, llfi_index: 489; 
START ; 
START ; 
START ; 
START ; 
START ; 
START ; 
START ; 
START ; 
START ; 
START ; 
START ; 
START ; 
START ; 
START ; 
START ; 
START ; 
START ; 
START ; 
START ; 
START ;  opcode:load, llfi_index: 507; 
START ;  opcode:load, llfi_index: 508; 
START ; 
START ;  opcode:load, llfi_index: 510; 
START ; 
START ;  opcode:load, llfi_index: 512; 
START ; 
START ;  opcode:load, llfi_index: 514; 
START ; 
START ; 
START ; 
START ; 
START ;  opcode:load, llfi_index: 979;  opcode:load, llfi_index: 863;  opcode:load, llfi_index: 865;  opcode:store, llfi_index: 872;  opcode:load, llfi_index: 752;  opcode:load, llfi_index: 636;  opcode:load, llfi_index: 638;  opcode:store, llfi_index: 645; 
START ;  opcode:load, llfi_index: 823;  opcode:load, llfi_index: 825;  opcode:store, llfi_index: 832;  opcode:load, llfi_index: 596;  opcode:load, llfi_index: 598;  opcode:store, llfi_index: 605; 
START ;  opcode:load, llfi_index: 965;  opcode:mul, llfi_index: 971;  opcode:add, llfi_index: 974;  opcode:add, llfi_index: 976;  opcode:add, llfi_index: 977;  opcode:sext, llfi_index: 978;  opcode:load, llfi_index: 851;  opcode:mul, llfi_index: 856;  opcode:add, llfi_index: 859;  opcode:add, llfi_index: 861;  opcode:sext, llfi_index: 862;  opcode:load, llfi_index: 809;  opcode:mul, llfi_index: 815;  opcode:add, llfi_index: 818;  opcode:add, llfi_index: 820;  opcode:add, llfi_index: 821;  opcode:sext, llfi_index: 822;  opcode:load, llfi_index: 790;  opcode:add, llfi_index: 791;  opcode:sdiv, llfi_index: 792;  opcode:add, llfi_index: 794;  opcode:add, llfi_index: 795;  opcode:sub, llfi_index: 797;  opcode:store, llfi_index: 798;  opcode:load, llfi_index: 785;  opcode:add, llfi_index: 786;  opcode:sdiv, llfi_index: 787;  opcode:icmp, llfi_index: 788;  opcode:load, llfi_index: 775;  opcode:add, llfi_index: 776;  opcode:sdiv, llfi_index: 777;  opcode:icmp, llfi_index: 778;  opcode:load, llfi_index: 738;  opcode:mul, llfi_index: 744;  opcode:add, llfi_index: 747;  opcode:add, llfi_index: 749;  opcode:add, llfi_index: 750;  opcode:sext, llfi_index: 751;  opcode:load, llfi_index: 624;  opcode:mul, llfi_index: 629;  opcode:add, llfi_index: 632;  opcode:add, llfi_index: 634;  opcode:sext, llfi_index: 635;  opcode:load, llfi_index: 582;  opcode:mul, llfi_index: 588;  opcode:add, llfi_index: 591;  opcode:add, llfi_index: 593;  opcode:add, llfi_index: 594;  opcode:sext, llfi_index: 595;  opcode:load, llfi_index: 556;  opcode:add, llfi_index: 557;  opcode:sdiv, llfi_index: 558;  opcode:icmp, llfi_index: 559; 
START ;  opcode:load, llfi_index: 928;  opcode:sub, llfi_index: 929;  opcode:store, llfi_index: 937;  opcode:load, llfi_index: 918;  opcode:sub, llfi_index: 919;  opcode:load, llfi_index: 701;  opcode:sub, llfi_index: 702;  opcode:store, llfi_index: 710;  opcode:load, llfi_index: 691;  opcode:sub, llfi_index: 692; 
START ;  opcode:load, llfi_index: 768;  opcode:add, llfi_index: 769;  opcode:load, llfi_index: 567;  opcode:add, llfi_index: 568;  opcode:sub, llfi_index: 570;  opcode:store, llfi_index: 571;  opcode:load, llfi_index: 564;  opcode:icmp, llfi_index: 565; 
START ;  opcode:load, llfi_index: 764;  opcode:add, llfi_index: 765;  opcode:load, llfi_index: 745;  opcode:shl, llfi_index: 746;  opcode:load, llfi_index: 630;  opcode:shl, llfi_index: 631;  opcode:load, llfi_index: 589;  opcode:shl, llfi_index: 590;  opcode:load, llfi_index: 569; 
START ;  opcode:load, llfi_index: 739;  opcode:shl, llfi_index: 740;  opcode:add, llfi_index: 742;  opcode:add, llfi_index: 743;  opcode:load, llfi_index: 625;  opcode:shl, llfi_index: 626;  opcode:add, llfi_index: 628;  opcode:load, llfi_index: 583;  opcode:shl, llfi_index: 584;  opcode:add, llfi_index: 586;  opcode:add, llfi_index: 587; 
START ;  opcode:load, llfi_index: 737;  opcode:store, llfi_index: 754;  opcode:load, llfi_index: 700;  opcode:load, llfi_index: 690;  opcode:load, llfi_index: 672;  opcode:add, llfi_index: 682; 
START ;  opcode:load, llfi_index: 681; 
START ;  opcode:load, llfi_index: 611;  opcode:add, llfi_index: 612;  opcode:icmp, llfi_index: 575;  opcode:store, llfi_index: 574;  opcode:load, llfi_index: 599;  opcode:shl, llfi_index: 600;  opcode:add, llfi_index: 602;  opcode:sext, llfi_index: 603;  opcode:load, llfi_index: 585; 
START ;  opcode:load, llfi_index: 607;  opcode:add, llfi_index: 608;  opcode:icmp, llfi_index: 580;  opcode:store, llfi_index: 579;  opcode:load, llfi_index: 601;  opcode:load, llfi_index: 592; 
START ;  opcode:load, llfi_index: 651;  opcode:add, llfi_index: 652;  opcode:icmp, llfi_index: 617;  opcode:store, llfi_index: 616;  opcode:load, llfi_index: 639;  opcode:mul, llfi_index: 640;  opcode:add, llfi_index: 642;  opcode:sext, llfi_index: 643;  opcode:load, llfi_index: 627; 
START ;  opcode:load, llfi_index: 647;  opcode:add, llfi_index: 648;  opcode:icmp, llfi_index: 622;  opcode:store, llfi_index: 621;  opcode:load, llfi_index: 641;  opcode:load, llfi_index: 633; 
START ;  opcode:load, llfi_index: 716;  opcode:add, llfi_index: 717;  opcode:icmp, llfi_index: 657;  opcode:store, llfi_index: 656;  opcode:load, llfi_index: 704;  opcode:mul, llfi_index: 705;  opcode:add, llfi_index: 707;  opcode:sext, llfi_index: 708;  opcode:load, llfi_index: 693;  opcode:mul, llfi_index: 694;  opcode:add, llfi_index: 695;  opcode:add, llfi_index: 697;  opcode:sext, llfi_index: 698;  opcode:load, llfi_index: 683;  opcode:mul, llfi_index: 684;  opcode:add, llfi_index: 686;  opcode:add, llfi_index: 687;  opcode:sext, llfi_index: 688;  opcode:load, llfi_index: 673;  opcode:shl, llfi_index: 674;  opcode:add, llfi_index: 675;  opcode:add, llfi_index: 677;  opcode:add, llfi_index: 678;  opcode:sext, llfi_index: 679;  opcode:load, llfi_index: 664;  opcode:mul, llfi_index: 665;  opcode:add, llfi_index: 666;  opcode:add, llfi_index: 668;  opcode:add, llfi_index: 669;  opcode:sext, llfi_index: 670; 
START ;  opcode:load, llfi_index: 712;  opcode:add, llfi_index: 713;  opcode:icmp, llfi_index: 662;  opcode:store, llfi_index: 661;  opcode:load, llfi_index: 706;  opcode:load, llfi_index: 696;  opcode:load, llfi_index: 685;  opcode:load, llfi_index: 676;  opcode:load, llfi_index: 667; 
START ;  opcode:load, llfi_index: 760;  opcode:add, llfi_index: 761;  opcode:icmp, llfi_index: 722;  opcode:store, llfi_index: 721;  opcode:load, llfi_index: 741;  opcode:load, llfi_index: 729;  opcode:mul, llfi_index: 730;  opcode:add, llfi_index: 731;  opcode:add, llfi_index: 733;  opcode:add, llfi_index: 734;  opcode:sext, llfi_index: 735; 
START ;  opcode:load, llfi_index: 756;  opcode:add, llfi_index: 757;  opcode:icmp, llfi_index: 727;  opcode:store, llfi_index: 726;  opcode:load, llfi_index: 748;  opcode:load, llfi_index: 732; 
START ;  opcode:load, llfi_index: 995;  opcode:add, llfi_index: 996;  opcode:load, llfi_index: 793;  opcode:load, llfi_index: 780;  opcode:add, llfi_index: 781; 
START ;  opcode:load, llfi_index: 991;  opcode:add, llfi_index: 992;  opcode:load, llfi_index: 972;  opcode:shl, llfi_index: 973;  opcode:load, llfi_index: 857;  opcode:shl, llfi_index: 858;  opcode:load, llfi_index: 816;  opcode:shl, llfi_index: 817;  opcode:load, llfi_index: 796; 
START ;  opcode:load, llfi_index: 966;  opcode:shl, llfi_index: 967;  opcode:add, llfi_index: 969;  opcode:add, llfi_index: 970;  opcode:load, llfi_index: 852;  opcode:shl, llfi_index: 853;  opcode:add, llfi_index: 855;  opcode:load, llfi_index: 810;  opcode:shl, llfi_index: 811;  opcode:add, llfi_index: 813;  opcode:add, llfi_index: 814; 
START ;  opcode:load, llfi_index: 964;  opcode:store, llfi_index: 981;  opcode:load, llfi_index: 927;  opcode:load, llfi_index: 917;  opcode:load, llfi_index: 899;  opcode:add, llfi_index: 909; 
START ;  opcode:load, llfi_index: 908; 
START ;  opcode:load, llfi_index: 838;  opcode:add, llfi_index: 839;  opcode:icmp, llfi_index: 802;  opcode:store, llfi_index: 801;  opcode:load, llfi_index: 826;  opcode:shl, llfi_index: 827;  opcode:add, llfi_index: 829;  opcode:sext, llfi_index: 830;  opcode:load, llfi_index: 812; 
START ;  opcode:load, llfi_index: 834;  opcode:add, llfi_index: 835;  opcode:icmp, llfi_index: 807;  opcode:store, llfi_index: 806;  opcode:load, llfi_index: 828;  opcode:load, llfi_index: 819; 
START ;  opcode:load, llfi_index: 878;  opcode:add, llfi_index: 879;  opcode:icmp, llfi_index: 844;  opcode:store, llfi_index: 843;  opcode:load, llfi_index: 866;  opcode:mul, llfi_index: 867;  opcode:add, llfi_index: 869;  opcode:sext, llfi_index: 870;  opcode:load, llfi_index: 854; 
START ;  opcode:load, llfi_index: 874;  opcode:add, llfi_index: 875;  opcode:icmp, llfi_index: 849;  opcode:store, llfi_index: 848;  opcode:load, llfi_index: 868;  opcode:load, llfi_index: 860; 
START ;  opcode:load, llfi_index: 943;  opcode:add, llfi_index: 944;  opcode:icmp, llfi_index: 884;  opcode:store, llfi_index: 883;  opcode:load, llfi_index: 931;  opcode:mul, llfi_index: 932;  opcode:add, llfi_index: 934;  opcode:sext, llfi_index: 935;  opcode:load, llfi_index: 920;  opcode:mul, llfi_index: 921;  opcode:add, llfi_index: 922;  opcode:add, llfi_index: 924;  opcode:sext, llfi_index: 925;  opcode:load, llfi_index: 910;  opcode:mul, llfi_index: 911;  opcode:add, llfi_index: 913;  opcode:add, llfi_index: 914;  opcode:sext, llfi_index: 915;  opcode:load, llfi_index: 900;  opcode:shl, llfi_index: 901;  opcode:add, llfi_index: 902;  opcode:add, llfi_index: 904;  opcode:add, llfi_index: 905;  opcode:sext, llfi_index: 906;  opcode:load, llfi_index: 891;  opcode:mul, llfi_index: 892;  opcode:add, llfi_index: 893;  opcode:add, llfi_index: 895;  opcode:add, llfi_index: 896;  opcode:sext, llfi_index: 897; 
START ;  opcode:load, llfi_index: 939;  opcode:add, llfi_index: 940;  opcode:icmp, llfi_index: 889;  opcode:store, llfi_index: 888;  opcode:load, llfi_index: 933;  opcode:load, llfi_index: 923;  opcode:load, llfi_index: 912;  opcode:load, llfi_index: 903;  opcode:load, llfi_index: 894; 
START ;  opcode:load, llfi_index: 987;  opcode:add, llfi_index: 988;  opcode:icmp, llfi_index: 949;  opcode:store, llfi_index: 948;  opcode:load, llfi_index: 968;  opcode:load, llfi_index: 956;  opcode:mul, llfi_index: 957;  opcode:add, llfi_index: 958;  opcode:add, llfi_index: 960;  opcode:add, llfi_index: 961;  opcode:sext, llfi_index: 962; 
START ;  opcode:load, llfi_index: 983;  opcode:add, llfi_index: 984;  opcode:icmp, llfi_index: 954;  opcode:store, llfi_index: 953;  opcode:load, llfi_index: 975;  opcode:load, llfi_index: 959; 
START ;  opcode:store, llfi_index: 549; 
START ;  opcode:store, llfi_index: 550; 
START ;  opcode:store, llfi_index: 551; 
START ;  opcode:store, llfi_index: 552; 
START ; 
START ; 
START ;  opcode:store, llfi_index: 555; 
START ; 
START ; 
START ; 
START ; 
START ; 
START ; 
START ; 
START ;  opcode:store, llfi_index: 563; 
START ; 
START ; 
START ; 
START ; 
START ; 
START ; 
START ; 
START ; 
START ; 
START ; 
START ; 
START ; 
START ; 
START ; 
START ; 
START ; 
START ; 
START ; 
START ; 
START ; 
START ; 
START ; 
START ; 
START ; 
START ; 
START ; 
START ; 
START ; 
START ; 
START ; 
START ; 
START ; 
START ; 
START ; 
START ; 
START ; 
START ; 
START ; 
START ; 
START ; 
START ; 
START ; 
START ; 
START ; 
START ; 
START ; 
START ; 
START ; 
START ; 
START ; 
START ; 
START ; 
START ; 
START ; 
START ; 
START ; 
START ; 
START ; 
START ; 
START ; 
START ; 
START ; 
START ; 
START ; 
START ; 
START ; 
START ; 
START ; 
START ; 
START ; 
START ; 
START ; 
START ; 
START ; 
START ; 
START ; 
START ; 
START ; 
START ; 
START ; 
START ; 
START ; 
START ; 
START ; 
START ; 
START ; 
START ; 
START ; 
START ; 
START ; 
START ; 
START ; 
START ; 
START ; 
START ; 
START ; 
START ; 
START ; 
START ; 
START ; 
START ; 
START ; 
START ; 
START ; 
START ; 
START ; 
START ; 
START ; 
START ; 
START ; 
START ; 
START ; 
START ; 
START ; 
START ; 
START ; 
START ; 
START ; 
START ; 
START ; 
START ; 
START ; 
START ; 
START ; 
START ; 
START ; 
START ; 
START ; 
START ; 
START ; 
START ; 
START ; 
START ; 
START ; 
START ; 
START ; 
START ; 
START ; 
START ; 
START ; 
START ; 
START ; 
START ; 
START ; 
START ; 
START ; 
START ; 
START ; 
START ; 
START ; 
START ; 
START ; 
START ; 
START ; 
START ; 
START ; 
START ; 
START ; 
START ; 
START ; 
START ; 
START ; 
START ; 
START ; 
START ; 
START ; 
START ; 
START ; 
START ; 
START ; 
START ; 
START ; 
START ; 
START ; 
START ; 
START ; 
START ; 
START ; 
START ; 
START ; 
START ; 
START ; 
START ; 
START ; 
START ; 
START ; 
START ; 
START ; 
START ; 
START ; 
START ; 
START ; 
START ; 
START ; 
START ; 
START ; 
START ; 
START ; 
START ; 
START ; 
START ; 
START ; 
START ; 
START ; 
START ; 
START ; 
START ; 
START ; 
START ; 
START ; 
START ;  opcode:store, llfi_index: 774; 
START ; 
START ; 
START ; 
START ; 
START ; 
START ; 
START ; 
START ; 
START ; 
START ;  opcode:store, llfi_index: 784; 
START ; 
START ; 
START ; 
START ; 
START ; 
START ; 
START ; 
START ; 
START ; 
START ; 
START ; 
START ; 
START ; 
START ; 
START ; 
START ; 
START ; 
START ; 
START ; 
START ; 
START ; 
START ; 
START ; 
START ; 
START ; 
START ; 
START ; 
START ; 
START ; 
START ; 
START ; 
START ; 
START ; 
START ; 
START ; 
START ; 
START ; 
START ; 
START ; 
START ; 
START ; 
START ; 
START ; 
START ; 
START ; 
START ; 
START ; 
START ; 
START ; 
START ; 
START ; 
START ; 
START ; 
START ; 
START ; 
START ; 
START ; 
START ; 
START ; 
START ; 
START ; 
START ; 
START ; 
START ; 
START ; 
START ; 
START ; 
START ; 
START ; 
START ; 
START ; 
START ; 
START ; 
START ; 
START ; 
START ; 
START ; 
START ; 
START ; 
START ; 
START ; 
START ; 
START ; 
START ; 
START ; 
START ; 
START ; 
START ; 
START ; 
START ; 
START ; 
START ; 
START ; 
START ; 
START ; 
START ; 
START ; 
START ; 
START ; 
START ; 
START ; 
START ; 
START ; 
START ; 
START ; 
START ; 
START ; 
START ; 
START ; 
START ; 
START ; 
START ; 
START ; 
START ; 
START ; 
START ; 
START ; 
START ; 
START ; 
START ; 
START ; 
START ; 
START ; 
START ; 
START ; 
START ; 
START ; 
START ; 
START ; 
START ; 
START ; 
START ; 
START ; 
START ; 
START ; 
START ; 
START ; 
START ; 
START ; 
START ; 
START ; 
START ; 
START ; 
START ; 
START ; 
START ; 
START ; 
START ; 
START ; 
START ; 
START ; 
START ; 
START ; 
START ; 
START ; 
START ; 
START ; 
START ; 
START ; 
START ; 
START ; 
START ; 
START ; 
START ; 
START ; 
START ; 
START ; 
START ; 
START ; 
START ; 
START ; 
START ; 
START ; 
START ; 
START ; 
START ; 
START ; 
START ; 
START ; 
START ; 
START ; 
START ; 
START ; 
START ; 
START ; 
START ; 
START ; 
START ; 
START ; 
START ; 
START ; 
START ; 
START ; 
START ; 
START ; 
START ; 
START ; 
START ; 
START ; 
START ; 
START ; 
START ; 
START ; 
START ; 
START ; 
START ; 
START ; 
START ; 
START ; 
START ; 
START ; 
START ; 
START ; 
START ; 
