START ;  opcode:load, llfi_index: 11;  opcode:icmp, llfi_index: 12; 
START ;  opcode:load, llfi_index: 19;  opcode:load, llfi_index: 21;  opcode:store, llfi_index: 23;  opcode:load, llfi_index: 14;  opcode:load, llfi_index: 16;  opcode:store, llfi_index: 18; 
START ; 
START ; 
START ; 
START ; 
START ; 
START ; 
START ;  opcode:store, llfi_index: 9; 
START ;  opcode:store, llfi_index: 10; 
START ; 
START ; 
START ; 
START ; 
START ; 
START ; 
START ; 
START ; 
START ; 
START ; 
START ; 
START ; 
START ; 
START ; 
START ; 
START ; 
START ; 
START ;  opcode:load, llfi_index: 28;  opcode:mul, llfi_index: 30;  opcode:sext, llfi_index: 31;  opcode:extractvalue, llfi_index: 34;  opcode:select, llfi_index: 35;  opcode:bitcast, llfi_index: 37;  opcode:store, llfi_index: 38;  opcode:extractvalue, llfi_index: 33; 
START ;  opcode:load, llfi_index: 29; 
START ; 
START ; 
START ; 
START ; 
START ; 
START ; 
START ; 
START ; 
START ; 
START ;  opcode:load, llfi_index: 39;  opcode:sext, llfi_index: 40;  opcode:extractvalue, llfi_index: 43;  opcode:select, llfi_index: 44;  opcode:bitcast, llfi_index: 46;  opcode:store, llfi_index: 47;  opcode:extractvalue, llfi_index: 42; 
START ; 
START ; 
START ; 
START ; 
START ; 
START ; 
START ; 
START ; 
START ;  opcode:store, llfi_index: 48; 
START ; 
START ;  opcode:load, llfi_index: 50;  opcode:icmp, llfi_index: 52; 
START ;  opcode:load, llfi_index: 51; 
START ; 
START ; 
START ;  opcode:load, llfi_index: 54;  opcode:store, llfi_index: 64; 
START ;  opcode:load, llfi_index: 55;  opcode:mul, llfi_index: 57;  opcode:sext, llfi_index: 58; 
START ;  opcode:load, llfi_index: 56; 
START ; 
START ; 
START ; 
START ;  opcode:load, llfi_index: 60;  opcode:sext, llfi_index: 61; 
START ; 
START ;  opcode:load, llfi_index: 62; 
START ; 
START ; 
START ; 
START ;  opcode:load, llfi_index: 66;  opcode:add, llfi_index: 67;  opcode:store, llfi_index: 68; 
START ; 
START ; 
START ; 
START ;  opcode:load, llfi_index: 70;  opcode:sext, llfi_index: 71;  opcode:extractvalue, llfi_index: 74;  opcode:select, llfi_index: 75;  opcode:bitcast, llfi_index: 77;  opcode:store, llfi_index: 78;  opcode:extractvalue, llfi_index: 73; 
START ; 
START ; 
START ; 
START ; 
START ; 
START ; 
START ; 
START ; 
START ;  opcode:store, llfi_index: 79; 
START ; 
START ;  opcode:load, llfi_index: 81;  opcode:icmp, llfi_index: 83; 
START ;  opcode:load, llfi_index: 82; 
START ; 
START ; 
START ;  opcode:store, llfi_index: 85; 
START ; 
START ;  opcode:load, llfi_index: 87;  opcode:icmp, llfi_index: 89; 
START ;  opcode:load, llfi_index: 88; 
START ; 
START ; 
START ;  opcode:load, llfi_index: 91;  opcode:sext, llfi_index: 92; 
START ; 
START ;  opcode:load, llfi_index: 93;  opcode:sext, llfi_index: 94;  opcode:load, llfi_index: 97; 
START ; 
START ;  opcode:load, llfi_index: 95; 
START ; 
START ; 
START ; 
START ;  opcode:store, llfi_index: 99; 
START ; 
START ;  opcode:load, llfi_index: 101;  opcode:add, llfi_index: 102;  opcode:store, llfi_index: 103; 
START ; 
START ; 
START ; 
START ; 
START ;  opcode:load, llfi_index: 106;  opcode:add, llfi_index: 107;  opcode:store, llfi_index: 108; 
START ; 
START ; 
START ; 
START ;  opcode:store, llfi_index: 110; 
START ; 
START ;  opcode:load, llfi_index: 112;  opcode:icmp, llfi_index: 114; 
START ;  opcode:load, llfi_index: 113; 
START ; 
START ; 
START ;  opcode:load, llfi_index: 116;  opcode:sext, llfi_index: 117;  opcode:load, llfi_index: 122;  opcode:store, llfi_index: 127; 
START ; 
START ;  opcode:load, llfi_index: 118;  opcode:load, llfi_index: 120; 
START ; 
START ; 
START ; 
START ; 
START ;  opcode:load, llfi_index: 123;  opcode:sext, llfi_index: 124; 
START ; 
START ;  opcode:load, llfi_index: 125; 
START ; 
START ; 
START ; 
START ;  opcode:load, llfi_index: 129;  opcode:add, llfi_index: 130;  opcode:store, llfi_index: 131; 
START ; 
START ; 
START ; 
START ;  opcode:store, llfi_index: 133; 
START ; 
START ;  opcode:load, llfi_index: 135;  opcode:icmp, llfi_index: 137; 
START ;  opcode:load, llfi_index: 136; 
START ; 
START ; 
START ;  opcode:store, llfi_index: 139; 
START ; 
START ;  opcode:load, llfi_index: 141;  opcode:icmp, llfi_index: 143; 
START ;  opcode:load, llfi_index: 142; 
START ; 
START ; 
START ;  opcode:load, llfi_index: 145;  opcode:sext, llfi_index: 146;  opcode:load, llfi_index: 153; 
START ; 
START ;  opcode:load, llfi_index: 147;  opcode:sext, llfi_index: 148;  opcode:load, llfi_index: 151; 
START ; 
START ;  opcode:load, llfi_index: 149; 
START ; 
START ; 
START ; 
START ; 
START ; 
START ; 
START ;  opcode:load, llfi_index: 156;  opcode:add, llfi_index: 157;  opcode:store, llfi_index: 158; 
START ; 
START ; 
START ; 
START ; 
START ; 
START ;  opcode:load, llfi_index: 162;  opcode:add, llfi_index: 163;  opcode:store, llfi_index: 164; 
START ; 
START ; 
START ; 
START ; 
START ;  opcode:load, llfi_index: 170; 
START ;  opcode:store, llfi_index: 168; 
START ;  opcode:load, llfi_index: 169; 
START ; 
START ; 
START ; 
START ; 
START ;  opcode:load, llfi_index: 179; 
START ;  opcode:load, llfi_index: 180; 
START ;  opcode:store, llfi_index: 176; 
START ;  opcode:store, llfi_index: 177; 
START ;  opcode:store, llfi_index: 178; 
START ; 
START ; 
START ; 
START ; 
START ;  opcode:load, llfi_index: 196; 
START ;  opcode:load, llfi_index: 197; 
START ; 
START ;  opcode:load, llfi_index: 366;  opcode:bitcast, llfi_index: 369;  opcode:icmp, llfi_index: 367;  opcode:load, llfi_index: 278;  opcode:load, llfi_index: 280;  opcode:store, llfi_index: 283;  opcode:load, llfi_index: 268;  opcode:load, llfi_index: 270;  opcode:icmp, llfi_index: 271;  opcode:load, llfi_index: 252;  opcode:load, llfi_index: 254;  opcode:store, llfi_index: 257;  opcode:load, llfi_index: 242;  opcode:load, llfi_index: 244;  opcode:icmp, llfi_index: 245;  opcode:load, llfi_index: 231;  opcode:load, llfi_index: 233;  opcode:store, llfi_index: 234; 
START ;  opcode:load, llfi_index: 360;  opcode:bitcast, llfi_index: 363;  opcode:icmp, llfi_index: 361;  opcode:load, llfi_index: 338;  opcode:load, llfi_index: 340;  opcode:load, llfi_index: 299; 
START ;  opcode:load, llfi_index: 221;  opcode:store, llfi_index: 222; 
START ;  opcode:load, llfi_index: 295;  opcode:add, llfi_index: 296;  opcode:store, llfi_index: 301; 
START ; 
START ; 
START ; 
START ; 
START ;  opcode:store, llfi_index: 194; 
START ;  opcode:store, llfi_index: 195; 
START ; 
START ; 
START ; 
START ;  opcode:load, llfi_index: 199;  opcode:store, llfi_index: 200; 
START ; 
START ;  opcode:load, llfi_index: 201;  opcode:sext, llfi_index: 202;  opcode:extractvalue, llfi_index: 205;  opcode:select, llfi_index: 206;  opcode:bitcast, llfi_index: 208;  opcode:store, llfi_index: 209;  opcode:extractvalue, llfi_index: 204; 
START ; 
START ; 
START ; 
START ; 
START ; 
START ; 
START ; 
START ; 
START ;  opcode:store, llfi_index: 210; 
START ; 
START ;  opcode:load, llfi_index: 212;  opcode:icmp, llfi_index: 215; 
START ;  opcode:load, llfi_index: 213;  opcode:sub, llfi_index: 214; 
START ; 
START ; 
START ; 
START ;  opcode:load, llfi_index: 217;  opcode:store, llfi_index: 218; 
START ; 
START ;  opcode:load, llfi_index: 219;  opcode:store, llfi_index: 220; 
START ; 
START ; 
START ; 
START ;  opcode:store, llfi_index: 223; 
START ; 
START ;  opcode:load, llfi_index: 225;  opcode:icmp, llfi_index: 227; 
START ;  opcode:load, llfi_index: 226; 
START ; 
START ; 
START ;  opcode:load, llfi_index: 229;  opcode:sext, llfi_index: 230; 
START ; 
START ; 
START ; 
START ; 
START ; 
START ;  opcode:load, llfi_index: 235;  opcode:icmp, llfi_index: 236; 
START ; 
START ; 
START ;  opcode:load, llfi_index: 238; 
START ;  opcode:load, llfi_index: 239;  opcode:sub, llfi_index: 240;  opcode:sext, llfi_index: 241; 
START ; 
START ; 
START ; 
START ; 
START ; 
START ; 
START ; 
START ;  opcode:load, llfi_index: 247; 
START ; 
START ;  opcode:load, llfi_index: 249;  opcode:sub, llfi_index: 250;  opcode:sext, llfi_index: 251; 
START ; 
START ; 
START ; 
START ; 
START ; 
START ; 
START ; 
START ; 
START ; 
START ;  opcode:load, llfi_index: 259;  opcode:icmp, llfi_index: 262; 
START ;  opcode:load, llfi_index: 260;  opcode:sub, llfi_index: 261; 
START ; 
START ; 
START ; 
START ;  opcode:load, llfi_index: 264; 
START ;  opcode:load, llfi_index: 265;  opcode:add, llfi_index: 266;  opcode:sext, llfi_index: 267; 
START ; 
START ; 
START ; 
START ; 
START ; 
START ; 
START ; 
START ;  opcode:load, llfi_index: 273; 
START ; 
START ;  opcode:load, llfi_index: 275;  opcode:add, llfi_index: 276;  opcode:sext, llfi_index: 277; 
START ; 
START ; 
START ; 
START ; 
START ; 
START ; 
START ; 
START ; 
START ; 
START ;  opcode:load, llfi_index: 285;  opcode:sext, llfi_index: 286;  opcode:load, llfi_index: 294; 
START ; 
START ;  opcode:load, llfi_index: 287;  opcode:add, llfi_index: 288;  opcode:sext, llfi_index: 289;  opcode:load, llfi_index: 292; 
START ; 
START ; 
START ;  opcode:load, llfi_index: 290; 
START ; 
START ; 
START ; 
START ; 
START ; 
START ; 
START ;  opcode:load, llfi_index: 297;  opcode:sext, llfi_index: 298; 
START ; 
START ; 
START ; 
START ; 
START ; 
START ;  opcode:load, llfi_index: 303;  opcode:add, llfi_index: 304;  opcode:store, llfi_index: 305; 
START ; 
START ; 
START ; 
START ; 
START ;  opcode:load, llfi_index: 308;  opcode:add, llfi_index: 309;  opcode:store, llfi_index: 310; 
START ; 
START ; 
START ; 
START ;  opcode:store, llfi_index: 312; 
START ; 
START ;  opcode:load, llfi_index: 314;  opcode:icmp, llfi_index: 316; 
START ;  opcode:load, llfi_index: 315; 
START ; 
START ; 
START ;  opcode:load, llfi_index: 318;  opcode:sext, llfi_index: 319;  opcode:load, llfi_index: 322; 
START ; 
START ;  opcode:load, llfi_index: 320; 
START ; 
START ; 
START ; 
START ; 
START ;  opcode:load, llfi_index: 325;  opcode:add, llfi_index: 326;  opcode:store, llfi_index: 327; 
START ; 
START ; 
START ; 
START ; 
START ;  opcode:store, llfi_index: 330; 
START ; 
START ;  opcode:load, llfi_index: 332;  opcode:icmp, llfi_index: 334; 
START ;  opcode:load, llfi_index: 333; 
START ; 
START ; 
START ;  opcode:load, llfi_index: 336;  opcode:sext, llfi_index: 337; 
START ; 
START ; 
START ; 
START ; 
START ; 
START ; 
START ;  opcode:load, llfi_index: 343;  opcode:add, llfi_index: 344;  opcode:store, llfi_index: 345; 
START ; 
START ; 
START ; 
START ; 
START ;  opcode:load, llfi_index: 348;  opcode:bitcast, llfi_index: 351;  opcode:icmp, llfi_index: 349; 
START ; 
START ; 
START ; 
START ; 
START ; 
START ;  opcode:load, llfi_index: 354;  opcode:bitcast, llfi_index: 357;  opcode:icmp, llfi_index: 355; 
START ; 
START ; 
START ; 
START ; 
START ; 
START ; 
START ; 
START ; 
START ; 
START ; 
START ; 
START ; 
START ; 
START ; 
START ; 
START ; 
START ; 
START ; 
