START ;  opcode:icmp, llfi_index: 1; 
START ; 
START ;  opcode:load, llfi_index: 4;  opcode:store, llfi_index: 6; 
START ; 
START ; 
START ; 
START ;  opcode:load, llfi_index: 8;  opcode:store, llfi_index: 10; 
START ; 
START ; 
START ; 
START ; 
START ; 
START ; 
START ; 
START ;  opcode:load, llfi_index: 15;  opcode:mul, llfi_index: 17;  opcode:sext, llfi_index: 18;  opcode:extractvalue, llfi_index: 21;  opcode:select, llfi_index: 22;  opcode:bitcast, llfi_index: 24;  opcode:store, llfi_index: 25;  opcode:extractvalue, llfi_index: 20; 
START ;  opcode:load, llfi_index: 16; 
START ; 
START ; 
START ; 
START ; 
START ; 
START ; 
START ; 
START ; 
START ; 
START ;  opcode:load, llfi_index: 26;  opcode:sext, llfi_index: 27;  opcode:extractvalue, llfi_index: 30;  opcode:select, llfi_index: 31;  opcode:bitcast, llfi_index: 33;  opcode:store, llfi_index: 34;  opcode:extractvalue, llfi_index: 29; 
START ; 
START ; 
START ; 
START ; 
START ; 
START ; 
START ; 
START ; 
START ; 
START ;  opcode:add, llfi_index: 50;  opcode:sext, llfi_index: 45;  opcode:mul, llfi_index: 42;  opcode:sext, llfi_index: 43;  opcode:store, llfi_index: 48;  opcode:icmp, llfi_index: 38; 
START ;  opcode:load, llfi_index: 37; 
START ; 
START ; 
START ;  opcode:load, llfi_index: 40; 
START ;  opcode:load, llfi_index: 41; 
START ; 
START ; 
START ; 
START ; 
START ;  opcode:load, llfi_index: 46; 
START ; 
START ; 
START ; 
START ; 
START ; 
START ;  opcode:load, llfi_index: 52;  opcode:sext, llfi_index: 53;  opcode:extractvalue, llfi_index: 56;  opcode:select, llfi_index: 57;  opcode:bitcast, llfi_index: 59;  opcode:store, llfi_index: 60;  opcode:extractvalue, llfi_index: 55; 
START ; 
START ; 
START ; 
START ; 
START ; 
START ; 
START ; 
START ; 
START ; 
START ;  opcode:add, llfi_index: 82;  opcode:sext, llfi_index: 72;  opcode:load, llfi_index: 75;  opcode:icmp, llfi_index: 64; 
START ;  opcode:load, llfi_index: 63; 
START ; 
START ; 
START ; 
START ;  opcode:add, llfi_index: 79;  opcode:sext, llfi_index: 71;  opcode:icmp, llfi_index: 69; 
START ;  opcode:load, llfi_index: 68; 
START ; 
START ; 
START ; 
START ; 
START ;  opcode:load, llfi_index: 73; 
START ; 
START ; 
START ; 
START ;  opcode:store, llfi_index: 77; 
START ; 
START ; 
START ; 
START ; 
START ; 
START ; 
START ; 
START ;  opcode:add, llfi_index: 100;  opcode:sext, llfi_index: 95;  opcode:sext, llfi_index: 89;  opcode:load, llfi_index: 94;  opcode:store, llfi_index: 98;  opcode:icmp, llfi_index: 87; 
START ;  opcode:load, llfi_index: 86; 
START ; 
START ; 
START ; 
START ;  opcode:load, llfi_index: 90;  opcode:load, llfi_index: 92; 
START ; 
START ; 
START ; 
START ; 
START ; 
START ;  opcode:load, llfi_index: 96; 
START ; 
START ; 
START ; 
START ; 
START ; 
START ; 
START ;  opcode:add, llfi_index: 125;  opcode:sext, llfi_index: 113;  opcode:load, llfi_index: 116;  opcode:load, llfi_index: 118;  opcode:icmp, llfi_index: 105; 
START ;  opcode:load, llfi_index: 104; 
START ; 
START ; 
START ; 
START ;  opcode:add, llfi_index: 121;  opcode:sext, llfi_index: 112;  opcode:icmp, llfi_index: 110; 
START ;  opcode:load, llfi_index: 109; 
START ; 
START ; 
START ; 
START ; 
START ;  opcode:load, llfi_index: 114; 
START ; 
START ; 
START ; 
START ; 
START ; 
START ; 
START ; 
START ; 
START ; 
START ; 
START ; 
START ; 
START ; 
START ;  opcode:load, llfi_index: 128; 
START ; 
START ; 
START ; 
START ; 
START ; 
START ;  opcode:load, llfi_index: 134;  opcode:bitcast, llfi_index: 254;  opcode:icmp, llfi_index: 252;  opcode:load, llfi_index: 234;  opcode:load, llfi_index: 190;  opcode:add, llfi_index: 203;  opcode:store, llfi_index: 206;  opcode:load, llfi_index: 183;  opcode:icmp, llfi_index: 184;  opcode:load, llfi_index: 171;  opcode:load, llfi_index: 164;  opcode:icmp, llfi_index: 165;  opcode:load, llfi_index: 158;  opcode:bitcast, llfi_index: 259;  opcode:icmp, llfi_index: 257; 
START ;  opcode:load, llfi_index: 135;  opcode:sext, llfi_index: 136;  opcode:extractvalue, llfi_index: 139;  opcode:select, llfi_index: 140;  opcode:bitcast, llfi_index: 142;  opcode:extractvalue, llfi_index: 138; 
START ; 
START ; 
START ; 
START ; 
START ; 
START ; 
START ; 
START ; 
START ;  opcode:add, llfi_index: 211;  opcode:add, llfi_index: 196;  opcode:sext, llfi_index: 197;  opcode:load, llfi_index: 200;  opcode:load, llfi_index: 202;  opcode:icmp, llfi_index: 149; 
START ; 
START ; 
START ;  opcode:load, llfi_index: 147;  opcode:sub, llfi_index: 148; 
START ; 
START ; 
START ; 
START ; 
START ;  opcode:add, llfi_index: 208;  opcode:sext, llfi_index: 204;  opcode:sext, llfi_index: 195;  opcode:add, llfi_index: 187;  opcode:sext, llfi_index: 188;  opcode:add, llfi_index: 180;  opcode:sext, llfi_index: 181;  opcode:icmp, llfi_index: 178;  opcode:sub, llfi_index: 168;  opcode:sext, llfi_index: 169;  opcode:sub, llfi_index: 161;  opcode:sext, llfi_index: 162;  opcode:icmp, llfi_index: 159;  opcode:sext, llfi_index: 156;  opcode:icmp, llfi_index: 154; 
START ;  opcode:load, llfi_index: 153; 
START ; 
START ; 
START ; 
START ; 
START ; 
START ; 
START ; 
START ; 
START ; 
START ; 
START ; 
START ; 
START ; 
START ; 
START ; 
START ; 
START ; 
START ; 
START ; 
START ; 
START ; 
START ; 
START ;  opcode:load, llfi_index: 176;  opcode:sub, llfi_index: 177; 
START ; 
START ; 
START ; 
START ; 
START ; 
START ; 
START ; 
START ; 
START ; 
START ; 
START ; 
START ; 
START ; 
START ; 
START ; 
START ; 
START ; 
START ; 
START ; 
START ; 
START ; 
START ;  opcode:load, llfi_index: 198; 
START ; 
START ; 
START ; 
START ; 
START ; 
START ; 
START ; 
START ; 
START ; 
START ; 
START ; 
START ; 
START ; 
START ; 
START ; 
START ;  opcode:add, llfi_index: 224;  opcode:sext, llfi_index: 218;  opcode:load, llfi_index: 221;  opcode:icmp, llfi_index: 216; 
START ;  opcode:load, llfi_index: 215; 
START ; 
START ; 
START ; 
START ;  opcode:load, llfi_index: 219; 
START ; 
START ; 
START ; 
START ; 
START ; 
START ; 
START ; 
START ; 
START ;  opcode:add, llfi_index: 237;  opcode:sext, llfi_index: 232;  opcode:icmp, llfi_index: 230; 
START ;  opcode:load, llfi_index: 229; 
START ; 
START ; 
START ; 
START ; 
START ; 
START ; 
START ; 
START ; 
START ; 
START ; 
START ;  opcode:load, llfi_index: 240;  opcode:bitcast, llfi_index: 243;  opcode:icmp, llfi_index: 241; 
START ; 
START ; 
START ; 
START ; 
START ; 
START ;  opcode:load, llfi_index: 246;  opcode:bitcast, llfi_index: 249;  opcode:icmp, llfi_index: 247; 
START ; 
START ; 
START ; 
START ; 
START ; 
START ; 
START ; 
START ; 
START ; 
START ; 
START ; 
START ; 
START ; 
START ; 
START ; 
START ; 
