START ;  opcode:load, llfi_index: 1; 
START ;  opcode:load, llfi_index: 3; 
START ; 
START ; 
START ; 
START ; 
START ; 
START ;  opcode:load, llfi_index: 233;  opcode:icmp, llfi_index: 234;  opcode:load, llfi_index: 202;  opcode:icmp, llfi_index: 203;  opcode:load, llfi_index: 143;  opcode:icmp, llfi_index: 144;  opcode:load, llfi_index: 126;  opcode:icmp, llfi_index: 127;  opcode:load, llfi_index: 119;  opcode:sext, llfi_index: 120;  opcode:mul, llfi_index: 121;  opcode:bitcast, llfi_index: 123;  opcode:bitcast, llfi_index: 251;  opcode:load, llfi_index: 238;  opcode:load, llfi_index: 183;  opcode:add, llfi_index: 184;  opcode:store, llfi_index: 187;  opcode:load, llfi_index: 53;  opcode:icmp, llfi_index: 54;  opcode:load, llfi_index: 47;  opcode:sext, llfi_index: 48;  opcode:mul, llfi_index: 49;  opcode:load, llfi_index: 178;  opcode:trunc, llfi_index: 179;  opcode:load, llfi_index: 43;  opcode:sext, llfi_index: 44;  opcode:mul, llfi_index: 45;  opcode:load, llfi_index: 207;  opcode:trunc, llfi_index: 208;  opcode:zext, llfi_index: 209;  opcode:icmp, llfi_index: 210;  opcode:load, llfi_index: 39;  opcode:sext, llfi_index: 40;  opcode:mul, llfi_index: 41;  opcode:load, llfi_index: 148;  opcode:trunc, llfi_index: 149;  opcode:zext, llfi_index: 150;  opcode:icmp, llfi_index: 151;  opcode:load, llfi_index: 34;  opcode:sext, llfi_index: 35;  opcode:mul, llfi_index: 36;  opcode:bitcast, llfi_index: 38;  opcode:bitcast, llfi_index: 244;  opcode:load, llfi_index: 169;  opcode:add, llfi_index: 170;  opcode:icmp, llfi_index: 171;  opcode:load, llfi_index: 165;  opcode:load, llfi_index: 159;  opcode:add, llfi_index: 193;  opcode:sext, llfi_index: 173;  opcode:load, llfi_index: 175;  opcode:sext, llfi_index: 188;  opcode:sext, llfi_index: 185;  opcode:sext, llfi_index: 176; 
START ;  opcode:load, llfi_index: 99;  opcode:icmp, llfi_index: 100;  opcode:load, llfi_index: 92;  opcode:sext, llfi_index: 93;  opcode:mul, llfi_index: 94;  opcode:bitcast, llfi_index: 96;  opcode:bitcast, llfi_index: 246; 
START ;  opcode:load, llfi_index: 135;  opcode:sext, llfi_index: 136;  opcode:load, llfi_index: 86;  opcode:sext, llfi_index: 87;  opcode:load, llfi_index: 82;  opcode:sext, llfi_index: 83; 
START ;  opcode:load, llfi_index: 58;  opcode:store, llfi_index: 62; 
START ;  opcode:load, llfi_index: 63;  opcode:store, llfi_index: 67; 
START ;  opcode:load, llfi_index: 106;  opcode:store, llfi_index: 109; 
START ; 
START ;  opcode:store, llfi_index: 15; 
START ;  opcode:store, llfi_index: 16; 
START ;  opcode:icmp, llfi_index: 17; 
START ; 
START ; 
START ; 
START ; 
START ;  opcode:load, llfi_index: 23;  opcode:store, llfi_index: 25; 
START ; 
START ; 
START ; 
START ;  opcode:load, llfi_index: 26;  opcode:icmp, llfi_index: 27; 
START ; 
START ; 
START ; 
START ; 
START ;  opcode:store, llfi_index: 31; 
START ;  opcode:load, llfi_index: 32; 
START ; 
START ; 
START ; 
START ; 
START ; 
START ; 
START ; 
START ; 
START ; 
START ; 
START ; 
START ; 
START ; 
START ; 
START ; 
START ; 
START ; 
START ; 
START ; 
START ;  opcode:add, llfi_index: 78;  opcode:zext, llfi_index: 74;  opcode:zext, llfi_index: 71;  opcode:zext, llfi_index: 68;  opcode:zext, llfi_index: 64;  opcode:zext, llfi_index: 59; 
START ; 
START ; 
START ; 
START ;  opcode:load, llfi_index: 56; 
START ; 
START ; 
START ; 
START ; 
START ; 
START ; 
START ; 
START ; 
START ; 
START ; 
START ; 
START ; 
START ; 
START ;  opcode:store, llfi_index: 70; 
START ; 
START ; 
START ;  opcode:store, llfi_index: 73; 
START ; 
START ; 
START ;  opcode:store, llfi_index: 76; 
START ; 
START ; 
START ; 
START ;  opcode:load, llfi_index: 80; 
START ; 
START ; 
START ; 
START ; 
START ;  opcode:store, llfi_index: 85; 
START ; 
START ; 
START ; 
START ;  opcode:store, llfi_index: 89; 
START ;  opcode:load, llfi_index: 90; 
START ; 
START ; 
START ; 
START ; 
START ; 
START ; 
START ; 
START ;  opcode:add, llfi_index: 111;  opcode:sext, llfi_index: 107; 
START ; 
START ; 
START ; 
START ;  opcode:load, llfi_index: 102; 
START ; 
START ;  opcode:load, llfi_index: 104; 
START ; 
START ; 
START ; 
START ; 
START ; 
START ; 
START ; 
START ; 
START ;  opcode:load, llfi_index: 113;  opcode:icmp, llfi_index: 114; 
START ; 
START ; 
START ;  opcode:load, llfi_index: 116; 
START ; 
START ; 
START ; 
START ; 
START ; 
START ; 
START ; 
START ; 
START ;  opcode:add, llfi_index: 133;  opcode:sext, llfi_index: 129; 
START ; 
START ; 
START ; 
START ; 
START ; 
START ;  opcode:store, llfi_index: 131; 
START ; 
START ; 
START ; 
START ; 
START ; 
START ; 
START ;  opcode:store, llfi_index: 138; 
START ; 
START ;  opcode:add, llfi_index: 226; 
START ; 
START ;  opcode:add, llfi_index: 197;  opcode:sext, llfi_index: 181;  opcode:sext, llfi_index: 166;  opcode:sext, llfi_index: 162;  opcode:sext, llfi_index: 156;  opcode:sext, llfi_index: 153;  opcode:sext, llfi_index: 146; 
START ; 
START ; 
START ; 
START ; 
START ; 
START ; 
START ; 
START ; 
START ; 
START ; 
START ; 
START ; 
START ;  opcode:store, llfi_index: 155; 
START ; 
START ; 
START ; 
START ; 
START ; 
START ; 
START ; 
START ; 
START ; 
START ; 
START ; 
START ; 
START ; 
START ; 
START ; 
START ; 
START ; 
START ; 
START ; 
START ; 
START ; 
START ; 
START ; 
START ; 
START ; 
START ; 
START ; 
START ; 
START ; 
START ; 
START ; 
START ; 
START ; 
START ; 
START ;  opcode:store, llfi_index: 190; 
START ; 
START ; 
START ; 
START ; 
START ; 
START ; 
START ; 
START ; 
START ; 
START ;  opcode:trunc, llfi_index: 228; 
START ;  opcode:add, llfi_index: 224;  opcode:sext, llfi_index: 218;  opcode:sext, llfi_index: 215;  opcode:sext, llfi_index: 212;  opcode:sext, llfi_index: 205; 
START ; 
START ; 
START ; 
START ; 
START ; 
START ; 
START ; 
START ; 
START ; 
START ; 
START ; 
START ; 
START ;  opcode:store, llfi_index: 214; 
START ; 
START ; 
START ;  opcode:store, llfi_index: 217; 
START ; 
START ; 
START ;  opcode:store, llfi_index: 220; 
START ; 
START ; 
START ; 
START ; 
START ; 
START ; 
START ; 
START ; 
START ; 
START ; 
START ; 
START ;  opcode:add, llfi_index: 241; 
START ; 
START ; 
START ; 
START ;  opcode:sext, llfi_index: 236; 
START ; 
START ; 
START ; 
START ; 
START ; 
START ; 
START ; 
START ; 
START ; 
START ; 
START ; 
START ; 
START ; 
START ; 
START ; 
START ; 
START ; 
START ; 
