START ;  opcode:load, llfi_index: 11;  opcode:load, llfi_index: 17;  opcode:store, llfi_index: 19;  opcode:load, llfi_index: 13;  opcode:store, llfi_index: 15; 
START ;  opcode:load, llfi_index: 61;  opcode:add, llfi_index: 62;  opcode:icmp, llfi_index: 48;  opcode:store, llfi_index: 46;  opcode:load, llfi_index: 52;  opcode:sext, llfi_index: 56;  opcode:mul, llfi_index: 53;  opcode:sext, llfi_index: 54;  opcode:store, llfi_index: 59; 
START ;  opcode:load, llfi_index: 99;  opcode:add, llfi_index: 100;  opcode:icmp, llfi_index: 77;  opcode:store, llfi_index: 75;  opcode:load, llfi_index: 87;  opcode:sext, llfi_index: 88;  opcode:load, llfi_index: 91; 
START ;  opcode:load, llfi_index: 95;  opcode:add, llfi_index: 96;  opcode:icmp, llfi_index: 83;  opcode:store, llfi_index: 81;  opcode:load, llfi_index: 85;  opcode:sext, llfi_index: 86; 
START ;  opcode:load, llfi_index: 119;  opcode:add, llfi_index: 120;  opcode:icmp, llfi_index: 106;  opcode:store, llfi_index: 104;  opcode:load, llfi_index: 108;  opcode:sext, llfi_index: 114;  opcode:sext, llfi_index: 109;  opcode:load, llfi_index: 113;  opcode:store, llfi_index: 117; 
START ;  opcode:load, llfi_index: 150;  opcode:add, llfi_index: 151;  opcode:icmp, llfi_index: 126;  opcode:store, llfi_index: 124;  opcode:load, llfi_index: 136;  opcode:sext, llfi_index: 137;  opcode:load, llfi_index: 140;  opcode:load, llfi_index: 142; 
START ;  opcode:load, llfi_index: 145;  opcode:add, llfi_index: 146;  opcode:icmp, llfi_index: 132;  opcode:store, llfi_index: 130;  opcode:load, llfi_index: 134;  opcode:sext, llfi_index: 135; 
START ;  opcode:store, llfi_index: 8; 
START ;  opcode:icmp, llfi_index: 9; 
START ; 
START ; 
START ; 
START ; 
START ; 
START ; 
START ; 
START ; 
START ; 
START ; 
START ; 
START ; 
START ; 
START ; 
START ;  opcode:load, llfi_index: 24;  opcode:mul, llfi_index: 26;  opcode:sext, llfi_index: 27;  opcode:extractvalue, llfi_index: 30;  opcode:select, llfi_index: 31;  opcode:bitcast, llfi_index: 33;  opcode:store, llfi_index: 34;  opcode:extractvalue, llfi_index: 29; 
START ;  opcode:load, llfi_index: 25; 
START ; 
START ; 
START ; 
START ; 
START ; 
START ; 
START ; 
START ; 
START ; 
START ;  opcode:load, llfi_index: 35;  opcode:sext, llfi_index: 36;  opcode:extractvalue, llfi_index: 39;  opcode:select, llfi_index: 40;  opcode:bitcast, llfi_index: 42;  opcode:store, llfi_index: 43;  opcode:extractvalue, llfi_index: 38; 
START ; 
START ; 
START ; 
START ; 
START ; 
START ; 
START ; 
START ; 
START ; 
START ; 
START ; 
START ;  opcode:load, llfi_index: 47; 
START ; 
START ; 
START ;  opcode:load, llfi_index: 50; 
START ;  opcode:load, llfi_index: 51; 
START ; 
START ; 
START ; 
START ; 
START ; 
START ;  opcode:load, llfi_index: 57; 
START ; 
START ; 
START ; 
START ; 
START ; 
START ; 
START ;  opcode:load, llfi_index: 64;  opcode:sext, llfi_index: 65;  opcode:extractvalue, llfi_index: 68;  opcode:select, llfi_index: 69;  opcode:bitcast, llfi_index: 71;  opcode:store, llfi_index: 72;  opcode:extractvalue, llfi_index: 67; 
START ; 
START ; 
START ; 
START ; 
START ; 
START ; 
START ; 
START ; 
START ; 
START ; 
START ; 
START ;  opcode:load, llfi_index: 76; 
START ; 
START ; 
START ; 
START ; 
START ; 
START ;  opcode:load, llfi_index: 82; 
START ; 
START ; 
START ; 
START ; 
START ; 
START ; 
START ;  opcode:load, llfi_index: 89; 
START ; 
START ; 
START ; 
START ;  opcode:store, llfi_index: 93; 
START ; 
START ; 
START ; 
START ; 
START ; 
START ; 
START ; 
START ; 
START ; 
START ; 
START ; 
START ;  opcode:load, llfi_index: 105; 
START ; 
START ; 
START ; 
START ; 
START ;  opcode:load, llfi_index: 110;  opcode:load, llfi_index: 111; 
START ; 
START ; 
START ; 
START ; 
START ;  opcode:load, llfi_index: 115; 
START ; 
START ; 
START ; 
START ; 
START ; 
START ; 
START ; 
START ; 
START ; 
START ;  opcode:load, llfi_index: 125; 
START ; 
START ; 
START ; 
START ; 
START ; 
START ;  opcode:load, llfi_index: 131; 
START ; 
START ; 
START ; 
START ; 
START ; 
START ; 
START ;  opcode:load, llfi_index: 138; 
START ; 
START ; 
START ; 
START ; 
START ; 
START ; 
START ; 
START ; 
START ; 
START ; 
START ; 
START ; 
START ; 
START ; 
START ; 
START ;  opcode:load, llfi_index: 154; 
START ; 
START ; 
START ; 
START ; 
START ;  opcode:load, llfi_index: 327;  opcode:bitcast, llfi_index: 330;  opcode:icmp, llfi_index: 328;  opcode:load, llfi_index: 243;  opcode:load, llfi_index: 245;  opcode:store, llfi_index: 248;  opcode:load, llfi_index: 233;  opcode:load, llfi_index: 235;  opcode:icmp, llfi_index: 236;  opcode:load, llfi_index: 217;  opcode:load, llfi_index: 219;  opcode:store, llfi_index: 222;  opcode:load, llfi_index: 207;  opcode:load, llfi_index: 209;  opcode:icmp, llfi_index: 210;  opcode:load, llfi_index: 197;  opcode:load, llfi_index: 199;  opcode:store, llfi_index: 200; 
START ;  opcode:load, llfi_index: 321;  opcode:bitcast, llfi_index: 324;  opcode:icmp, llfi_index: 322;  opcode:load, llfi_index: 300;  opcode:load, llfi_index: 302;  opcode:load, llfi_index: 264; 
START ;  opcode:load, llfi_index: 260;  opcode:add, llfi_index: 261;  opcode:store, llfi_index: 266; 
START ;  opcode:load, llfi_index: 272;  opcode:add, llfi_index: 273;  opcode:icmp, llfi_index: 183;  opcode:store, llfi_index: 180;  opcode:load, llfi_index: 252;  opcode:add, llfi_index: 253;  opcode:sext, llfi_index: 254;  opcode:load, llfi_index: 257;  opcode:load, llfi_index: 259; 
START ;  opcode:load, llfi_index: 268;  opcode:add, llfi_index: 269;  opcode:icmp, llfi_index: 193;  opcode:store, llfi_index: 191;  opcode:load, llfi_index: 262;  opcode:sext, llfi_index: 263;  opcode:load, llfi_index: 250;  opcode:sext, llfi_index: 251;  opcode:load, llfi_index: 240;  opcode:add, llfi_index: 241;  opcode:sext, llfi_index: 242;  opcode:load, llfi_index: 230;  opcode:add, llfi_index: 231;  opcode:sext, llfi_index: 232;  opcode:load, llfi_index: 224;  opcode:icmp, llfi_index: 227;  opcode:load, llfi_index: 214;  opcode:add, llfi_index: 215;  opcode:sext, llfi_index: 216;  opcode:load, llfi_index: 204;  opcode:add, llfi_index: 205;  opcode:sext, llfi_index: 206;  opcode:load, llfi_index: 195;  opcode:icmp, llfi_index: 201;  opcode:sext, llfi_index: 196; 
START ;  opcode:load, llfi_index: 288;  opcode:add, llfi_index: 289;  opcode:icmp, llfi_index: 279;  opcode:store, llfi_index: 277;  opcode:load, llfi_index: 281;  opcode:sext, llfi_index: 282;  opcode:load, llfi_index: 285; 
START ;  opcode:load, llfi_index: 305;  opcode:add, llfi_index: 306;  opcode:icmp, llfi_index: 296;  opcode:store, llfi_index: 294;  opcode:load, llfi_index: 298;  opcode:sext, llfi_index: 299; 
START ; 
START ;  opcode:load, llfi_index: 167;  opcode:store, llfi_index: 168; 
START ; 
START ;  opcode:load, llfi_index: 169;  opcode:sext, llfi_index: 170;  opcode:extractvalue, llfi_index: 173;  opcode:select, llfi_index: 174;  opcode:bitcast, llfi_index: 176;  opcode:store, llfi_index: 177;  opcode:extractvalue, llfi_index: 172; 
START ; 
START ; 
START ; 
START ; 
START ; 
START ; 
START ; 
START ; 
START ; 
START ; 
START ; 
START ;  opcode:load, llfi_index: 181;  opcode:add, llfi_index: 182; 
START ; 
START ; 
START ; 
START ;  opcode:load, llfi_index: 185;  opcode:store, llfi_index: 188; 
START ;  opcode:load, llfi_index: 186;  opcode:store, llfi_index: 187; 
START ; 
START ; 
START ; 
START ; 
START ; 
START ;  opcode:load, llfi_index: 192; 
START ; 
START ; 
START ; 
START ; 
START ; 
START ; 
START ; 
START ; 
START ; 
START ; 
START ;  opcode:load, llfi_index: 203; 
START ; 
START ; 
START ; 
START ; 
START ; 
START ; 
START ; 
START ; 
START ;  opcode:load, llfi_index: 212; 
START ; 
START ; 
START ; 
START ; 
START ; 
START ; 
START ; 
START ; 
START ; 
START ; 
START ; 
START ; 
START ;  opcode:load, llfi_index: 225;  opcode:add, llfi_index: 226; 
START ; 
START ; 
START ; 
START ;  opcode:load, llfi_index: 229; 
START ; 
START ; 
START ; 
START ; 
START ; 
START ; 
START ; 
START ; 
START ;  opcode:load, llfi_index: 238; 
START ; 
START ; 
START ; 
START ; 
START ; 
START ; 
START ; 
START ; 
START ; 
START ; 
START ; 
START ; 
START ; 
START ; 
START ; 
START ; 
START ;  opcode:load, llfi_index: 255; 
START ; 
START ; 
START ; 
START ; 
START ; 
START ; 
START ; 
START ; 
START ; 
START ; 
START ; 
START ; 
START ; 
START ; 
START ; 
START ; 
START ; 
START ; 
START ; 
START ; 
START ; 
START ; 
START ;  opcode:load, llfi_index: 278; 
START ; 
START ; 
START ; 
START ; 
START ;  opcode:load, llfi_index: 283; 
START ; 
START ; 
START ; 
START ; 
START ; 
START ; 
START ; 
START ; 
START ; 
START ; 
START ; 
START ;  opcode:load, llfi_index: 295; 
START ; 
START ; 
START ; 
START ; 
START ; 
START ; 
START ; 
START ; 
START ; 
START ; 
START ; 
START ; 
START ; 
START ;  opcode:load, llfi_index: 309;  opcode:bitcast, llfi_index: 312;  opcode:icmp, llfi_index: 310; 
START ; 
START ; 
START ; 
START ; 
START ; 
START ;  opcode:load, llfi_index: 315;  opcode:bitcast, llfi_index: 318;  opcode:icmp, llfi_index: 316; 
START ; 
START ; 
START ; 
START ; 
START ; 
START ; 
START ; 
START ; 
START ; 
START ; 
START ; 
START ; 
START ; 
START ; 
START ; 
START ; 
START ; 
START ; 
