START ;  opcode:load, llfi_index: 7;  opcode:add, llfi_index: 8;  opcode:load, llfi_index: 4;  opcode:mul, llfi_index: 5; 
START ; 
START ; 
START ; 
START ; 
START ; 
START ; 
START ; 
START ; 
START ;  opcode:icmp, llfi_index: 10; 
START ; 
START ; 
START ; 
START ;  opcode:icmp, llfi_index: 15; 
START ; 
START ; 
START ; 
START ; 
START ; 
START ; 
START ;  opcode:load, llfi_index: 27;  opcode:sitofp, llfi_index: 28;  opcode:fmul, llfi_index: 29;  opcode:fadd, llfi_index: 30;  opcode:load, llfi_index: 24;  opcode:sitofp, llfi_index: 25; 
START ; 
START ; 
START ; 
START ; 
START ; 
START ; 
START ; 
START ; 
START ; 
START ; 
START ; 
START ; 
START ;  opcode:icmp, llfi_index: 34; 
START ; 
START ;  opcode:load, llfi_index: 37;  opcode:add, llfi_index: 55;  opcode:sub, llfi_index: 200;  opcode:icmp, llfi_index: 201;  opcode:sub, llfi_index: 197;  opcode:icmp, llfi_index: 198;  opcode:sub, llfi_index: 187;  opcode:add, llfi_index: 298;  opcode:add, llfi_index: 294;  opcode:add, llfi_index: 270;  opcode:sext, llfi_index: 271;  opcode:load, llfi_index: 273;  opcode:add, llfi_index: 274;  opcode:icmp, llfi_index: 278;  opcode:icmp, llfi_index: 300;  opcode:icmp, llfi_index: 296;  opcode:icmp, llfi_index: 291;  opcode:icmp, llfi_index: 286;  opcode:icmp, llfi_index: 282;  opcode:add, llfi_index: 252;  opcode:sext, llfi_index: 253;  opcode:load, llfi_index: 255;  opcode:icmp, llfi_index: 248;  opcode:add, llfi_index: 242;  opcode:sub, llfi_index: 243;  opcode:sext, llfi_index: 244;  opcode:load, llfi_index: 246;  opcode:add, llfi_index: 234;  opcode:sext, llfi_index: 235;  opcode:load, llfi_index: 237;  opcode:add, llfi_index: 227;  opcode:sub, llfi_index: 228;  opcode:sext, llfi_index: 229;  opcode:load, llfi_index: 231;  opcode:add, llfi_index: 221;  opcode:sub, llfi_index: 222;  opcode:sext, llfi_index: 223;  opcode:load, llfi_index: 225;  opcode:icmp, llfi_index: 217;  opcode:icmp, llfi_index: 212;  opcode:add, llfi_index: 204;  opcode:sext, llfi_index: 205;  opcode:load, llfi_index: 207;  opcode:sub, llfi_index: 186;  opcode:add, llfi_index: 302;  opcode:add, llfi_index: 293;  opcode:mul, llfi_index: 269;  opcode:sub, llfi_index: 250;  opcode:mul, llfi_index: 251;  opcode:mul, llfi_index: 241;  opcode:icmp, llfi_index: 239;  opcode:sub, llfi_index: 232;  opcode:mul, llfi_index: 233;  opcode:mul, llfi_index: 226;  opcode:sub, llfi_index: 219;  opcode:mul, llfi_index: 220;  opcode:icmp, llfi_index: 215;  opcode:icmp, llfi_index: 210;  opcode:mul, llfi_index: 203;  opcode:icmp, llfi_index: 151;  opcode:icmp, llfi_index: 124;  opcode:icmp, llfi_index: 99;  opcode:icmp, llfi_index: 83;  opcode:mul, llfi_index: 67;  opcode:sext, llfi_index: 68;  opcode:mul, llfi_index: 69;  opcode:bitcast, llfi_index: 71;  opcode:bitcast, llfi_index: 313;  opcode:mul, llfi_index: 62;  opcode:sext, llfi_index: 63;  opcode:mul, llfi_index: 64;  opcode:bitcast, llfi_index: 66;  opcode:bitcast, llfi_index: 311;  opcode:mul, llfi_index: 57;  opcode:sext, llfi_index: 58;  opcode:mul, llfi_index: 59;  opcode:bitcast, llfi_index: 61;  opcode:bitcast, llfi_index: 309; 
START ; 
START ; 
START ;  opcode:load, llfi_index: 40;  opcode:add, llfi_index: 56; 
START ; 
START ; 
START ;  opcode:load, llfi_index: 43;  opcode:sub, llfi_index: 276;  opcode:sub, llfi_index: 275; 
START ; 
START ; 
START ;  opcode:load, llfi_index: 46; 
START ; 
START ; 
START ; 
START ; 
START ; 
START ; 
START ; 
START ; 
START ; 
START ; 
START ; 
START ; 
START ; 
START ; 
START ; 
START ; 
START ; 
START ; 
START ; 
START ; 
START ; 
START ; 
START ; 
START ; 
START ; 
START ; 
START ;  opcode:icmp, llfi_index: 72; 
START ; 
START ;  opcode:load, llfi_index: 74; 
START ; 
START ; 
START ; 
START ;  opcode:add, llfi_index: 94;  opcode:mul, llfi_index: 85;  opcode:add, llfi_index: 86;  opcode:sext, llfi_index: 87;  opcode:icmp, llfi_index: 79; 
START ; 
START ; 
START ; 
START ;  opcode:add, llfi_index: 91; 
START ; 
START ; 
START ; 
START ; 
START ; 
START ; 
START ;  opcode:store, llfi_index: 89; 
START ; 
START ; 
START ; 
START ; 
START ; 
START ; 
START ; 
START ; 
START ;  opcode:add, llfi_index: 106;  opcode:mul, llfi_index: 101;  opcode:sext, llfi_index: 102; 
START ; 
START ; 
START ; 
START ; 
START ; 
START ;  opcode:store, llfi_index: 104; 
START ; 
START ; 
START ; 
START ; 
START ;  opcode:add, llfi_index: 116;  opcode:sext, llfi_index: 112;  opcode:icmp, llfi_index: 110; 
START ; 
START ; 
START ; 
START ; 
START ;  opcode:store, llfi_index: 114; 
START ; 
START ; 
START ; 
START ; 
START ;  opcode:add, llfi_index: 147;  opcode:mul, llfi_index: 138;  opcode:add, llfi_index: 139;  opcode:sext, llfi_index: 140;  opcode:mul, llfi_index: 130;  opcode:sext, llfi_index: 131;  opcode:load, llfi_index: 133;  opcode:sext, llfi_index: 134;  opcode:load, llfi_index: 137;  opcode:store, llfi_index: 142;  opcode:icmp, llfi_index: 120; 
START ; 
START ; 
START ; 
START ;  opcode:add, llfi_index: 144; 
START ; 
START ; 
START ;  opcode:sext, llfi_index: 126;  opcode:load, llfi_index: 128;  opcode:sext, llfi_index: 129; 
START ; 
START ; 
START ; 
START ; 
START ; 
START ; 
START ; 
START ; 
START ; 
START ; 
START ; 
START ; 
START ; 
START ; 
START ; 
START ; 
START ; 
START ; 
START ; 
START ; 
START ; 
START ; 
START ; 
START ;  opcode:add, llfi_index: 160;  opcode:mul, llfi_index: 155;  opcode:sext, llfi_index: 156;  opcode:sub, llfi_index: 153;  opcode:mul, llfi_index: 154;  opcode:store, llfi_index: 158; 
START ; 
START ; 
START ; 
START ; 
START ; 
START ; 
START ; 
START ; 
START ; 
START ; 
START ; 
START ; 
START ;  opcode:add, llfi_index: 172;  opcode:sext, llfi_index: 168;  opcode:sub, llfi_index: 166;  opcode:mul, llfi_index: 167;  opcode:store, llfi_index: 170;  opcode:icmp, llfi_index: 164; 
START ; 
START ; 
START ; 
START ; 
START ; 
START ; 
START ; 
START ; 
START ; 
START ; 
START ; 
START ; 
START ;  opcode:sub, llfi_index: 179;  opcode:sitofp, llfi_index: 180;  opcode:fdiv, llfi_index: 181;  opcode:fpext, llfi_index: 182; 
START ; 
START ; 
START ; 
START ; 
START ; 
START ; 
START ; 
START ; 
START ; 
START ; 
START ; 
START ; 
START ; 
START ; 
START ; 
START ; 
START ; 
START ;  opcode:icmp, llfi_index: 194; 
START ;  opcode:icmp, llfi_index: 195; 
START ; 
START ; 
START ; 
START ; 
START ; 
START ; 
START ; 
START ; 
START ; 
START ; 
START ; 
START ; 
START ; 
START ; 
START ; 
START ; 
START ; 
START ; 
START ; 
START ; 
START ; 
START ; 
START ; 
START ; 
START ; 
START ; 
START ; 
START ; 
START ; 
START ; 
START ; 
START ; 
START ; 
START ; 
START ; 
START ; 
START ; 
START ; 
START ; 
START ; 
START ; 
START ; 
START ; 
START ; 
START ; 
START ; 
START ; 
START ; 
START ; 
START ; 
START ; 
START ; 
START ; 
START ; 
START ; 
START ; 
START ; 
START ; 
START ; 
START ; 
START ; 
START ; 
START ; 
START ; 
START ; 
START ; 
START ; 
START ; 
START ; 
START ; 
START ; 
START ; 
START ; 
START ; 
START ; 
START ; 
START ; 
START ; 
START ; 
START ; 
START ; 
START ; 
START ; 
START ; 
START ; 
START ; 
START ; 
START ; 
START ; 
START ; 
START ; 
START ; 
START ; 
START ; 
START ; 
START ; 
START ; 
START ; 
START ; 
START ; 
START ; 
START ; 
START ; 
START ; 
START ; 
START ; 
START ; 
START ; 
START ; 
START ; 
START ; 
START ; 
START ; 
START ; 
START ; 
START ; 
START ; 
START ; 
START ; 
START ; 
START ;  opcode:load, llfi_index: 316; 
START ;  opcode:load, llfi_index: 318; 
START ; 
START ; 
START ;  opcode:load, llfi_index: 320; 
START ; 
START ;  opcode:load, llfi_index: 322; 
START ; 
START ;  opcode:load, llfi_index: 324; 
START ; 
START ; 
START ; 
START ; 
START ;  opcode:load, llfi_index: 466;  opcode:store, llfi_index: 477;  opcode:load, llfi_index: 438;  opcode:sub, llfi_index: 439;  opcode:store, llfi_index: 445;  opcode:load, llfi_index: 431;  opcode:sub, llfi_index: 432;  opcode:load, llfi_index: 417;  opcode:add, llfi_index: 425; 
START ;  opcode:load, llfi_index: 424; 
START ;  opcode:load, llfi_index: 630;  opcode:store, llfi_index: 641;  opcode:load, llfi_index: 602;  opcode:sub, llfi_index: 603;  opcode:store, llfi_index: 609;  opcode:load, llfi_index: 595;  opcode:sub, llfi_index: 596;  opcode:load, llfi_index: 581;  opcode:add, llfi_index: 589; 
START ;  opcode:load, llfi_index: 588; 
START ; 
START ;  opcode:add, llfi_index: 488;  opcode:sub, llfi_index: 343;  opcode:sub, llfi_index: 344;  opcode:mul, llfi_index: 467;  opcode:add, llfi_index: 468;  opcode:add, llfi_index: 469;  opcode:mul, llfi_index: 470;  opcode:add, llfi_index: 472;  opcode:add, llfi_index: 473;  opcode:add, llfi_index: 474;  opcode:sext, llfi_index: 475;  opcode:mul, llfi_index: 383;  opcode:add, llfi_index: 384;  opcode:mul, llfi_index: 385;  opcode:add, llfi_index: 387;  opcode:add, llfi_index: 388;  opcode:sext, llfi_index: 389;  opcode:load, llfi_index: 391;  opcode:store, llfi_index: 396;  opcode:mul, llfi_index: 353;  opcode:add, llfi_index: 354;  opcode:add, llfi_index: 355;  opcode:mul, llfi_index: 356;  opcode:add, llfi_index: 358;  opcode:add, llfi_index: 359;  opcode:add, llfi_index: 360;  opcode:sext, llfi_index: 361;  opcode:load, llfi_index: 363;  opcode:store, llfi_index: 368;  opcode:icmp, llfi_index: 341;  opcode:icmp, llfi_index: 337; 
START ;  opcode:sub, llfi_index: 335;  opcode:sdiv, llfi_index: 336; 
START ; 
START ; 
START ; 
START ; 
START ;  opcode:add, llfi_index: 485;  opcode:mul, llfi_index: 471;  opcode:mul, llfi_index: 386;  opcode:mul, llfi_index: 357; 
START ; 
START ; 
START ; 
START ; 
START ; 
START ;  opcode:add, llfi_index: 373;  opcode:mul, llfi_index: 364;  opcode:add, llfi_index: 365;  opcode:sext, llfi_index: 366; 
START ;  opcode:icmp, llfi_index: 347; 
START ; 
START ; 
START ;  opcode:add, llfi_index: 370; 
START ;  opcode:icmp, llfi_index: 351; 
START ; 
START ; 
START ; 
START ; 
START ; 
START ; 
START ; 
START ; 
START ; 
START ; 
START ; 
START ; 
START ; 
START ; 
START ; 
START ; 
START ; 
START ; 
START ; 
START ; 
START ; 
START ; 
START ; 
START ; 
START ;  opcode:add, llfi_index: 401;  opcode:mul, llfi_index: 392;  opcode:add, llfi_index: 393;  opcode:sext, llfi_index: 394; 
START ;  opcode:icmp, llfi_index: 377; 
START ; 
START ; 
START ;  opcode:add, llfi_index: 398; 
START ;  opcode:icmp, llfi_index: 381; 
START ; 
START ; 
START ; 
START ; 
START ; 
START ; 
START ; 
START ; 
START ; 
START ; 
START ; 
START ; 
START ; 
START ; 
START ; 
START ; 
START ; 
START ; 
START ; 
START ; 
START ; 
START ; 
START ;  opcode:add, llfi_index: 450;  opcode:mul, llfi_index: 441;  opcode:add, llfi_index: 442;  opcode:sext, llfi_index: 443;  opcode:sub, llfi_index: 433;  opcode:mul, llfi_index: 434;  opcode:add, llfi_index: 435;  opcode:sext, llfi_index: 436;  opcode:mul, llfi_index: 426;  opcode:add, llfi_index: 427;  opcode:sub, llfi_index: 428;  opcode:sext, llfi_index: 429;  opcode:sub, llfi_index: 418;  opcode:mul, llfi_index: 419;  opcode:add, llfi_index: 420;  opcode:sub, llfi_index: 421;  opcode:sext, llfi_index: 422;  opcode:sub, llfi_index: 411;  opcode:mul, llfi_index: 412;  opcode:add, llfi_index: 413;  opcode:sub, llfi_index: 414;  opcode:sext, llfi_index: 415;  opcode:icmp, llfi_index: 405; 
START ; 
START ; 
START ; 
START ;  opcode:add, llfi_index: 447; 
START ;  opcode:icmp, llfi_index: 409; 
START ; 
START ; 
START ; 
START ; 
START ; 
START ; 
START ; 
START ; 
START ; 
START ; 
START ; 
START ; 
START ; 
START ; 
START ; 
START ; 
START ; 
START ; 
START ; 
START ; 
START ; 
START ; 
START ; 
START ; 
START ; 
START ; 
START ; 
START ; 
START ; 
START ; 
START ; 
START ; 
START ; 
START ; 
START ; 
START ; 
START ; 
START ; 
START ; 
START ; 
START ; 
START ; 
START ; 
START ;  opcode:add, llfi_index: 482; 
START ;  opcode:icmp, llfi_index: 454; 
START ; 
START ; 
START ;  opcode:add, llfi_index: 479; 
START ;  opcode:icmp, llfi_index: 458; 
START ; 
START ;  opcode:add, llfi_index: 460;  opcode:mul, llfi_index: 461;  opcode:add, llfi_index: 462;  opcode:add, llfi_index: 463;  opcode:sext, llfi_index: 464; 
START ; 
START ; 
START ; 
START ; 
START ; 
START ; 
START ; 
START ; 
START ; 
START ; 
START ; 
START ; 
START ; 
START ; 
START ; 
START ; 
START ; 
START ; 
START ; 
START ; 
START ; 
START ; 
START ; 
START ; 
START ; 
START ; 
START ; 
START ; 
START ; 
START ; 
START ; 
START ;  opcode:add, llfi_index: 652;  opcode:add, llfi_index: 506;  opcode:sub, llfi_index: 507;  opcode:sub, llfi_index: 508;  opcode:mul, llfi_index: 631;  opcode:add, llfi_index: 632;  opcode:add, llfi_index: 633;  opcode:mul, llfi_index: 634;  opcode:add, llfi_index: 636;  opcode:add, llfi_index: 637;  opcode:add, llfi_index: 638;  opcode:sext, llfi_index: 639;  opcode:mul, llfi_index: 547;  opcode:add, llfi_index: 548;  opcode:mul, llfi_index: 549;  opcode:add, llfi_index: 551;  opcode:add, llfi_index: 552;  opcode:sext, llfi_index: 553;  opcode:load, llfi_index: 555;  opcode:store, llfi_index: 560;  opcode:mul, llfi_index: 517;  opcode:add, llfi_index: 518;  opcode:add, llfi_index: 519;  opcode:mul, llfi_index: 520;  opcode:add, llfi_index: 522;  opcode:add, llfi_index: 523;  opcode:add, llfi_index: 524;  opcode:sext, llfi_index: 525;  opcode:load, llfi_index: 527;  opcode:store, llfi_index: 532;  opcode:sub, llfi_index: 497;  opcode:add, llfi_index: 649;  opcode:mul, llfi_index: 635;  opcode:mul, llfi_index: 550;  opcode:mul, llfi_index: 521;  opcode:icmp, llfi_index: 495; 
START ;  opcode:sub, llfi_index: 493;  opcode:sdiv, llfi_index: 494; 
START ; 
START ; 
START ; 
START ; 
START ; 
START ; 
START ;  opcode:sub, llfi_index: 500;  opcode:sdiv, llfi_index: 501;  opcode:icmp, llfi_index: 502; 
START ; 
START ; 
START ; 
START ;  opcode:sub, llfi_index: 504;  opcode:sdiv, llfi_index: 505; 
START ; 
START ; 
START ; 
START ; 
START ; 
START ;  opcode:add, llfi_index: 537;  opcode:mul, llfi_index: 528;  opcode:add, llfi_index: 529;  opcode:sext, llfi_index: 530; 
START ;  opcode:icmp, llfi_index: 511; 
START ; 
START ; 
START ;  opcode:add, llfi_index: 534; 
START ;  opcode:icmp, llfi_index: 515; 
START ; 
START ; 
START ; 
START ; 
START ; 
START ; 
START ; 
START ; 
START ; 
START ; 
START ; 
START ; 
START ; 
START ; 
START ; 
START ; 
START ; 
START ; 
START ; 
START ; 
START ; 
START ; 
START ; 
START ; 
START ;  opcode:add, llfi_index: 565;  opcode:mul, llfi_index: 556;  opcode:add, llfi_index: 557;  opcode:sext, llfi_index: 558; 
START ;  opcode:icmp, llfi_index: 541; 
START ; 
START ; 
START ;  opcode:add, llfi_index: 562; 
START ;  opcode:icmp, llfi_index: 545; 
START ; 
START ; 
START ; 
START ; 
START ; 
START ; 
START ; 
START ; 
START ; 
START ; 
START ; 
START ; 
START ; 
START ; 
START ; 
START ; 
START ; 
START ; 
START ; 
START ; 
START ; 
START ; 
START ;  opcode:add, llfi_index: 614;  opcode:mul, llfi_index: 605;  opcode:add, llfi_index: 606;  opcode:sext, llfi_index: 607;  opcode:sub, llfi_index: 597;  opcode:mul, llfi_index: 598;  opcode:add, llfi_index: 599;  opcode:sext, llfi_index: 600;  opcode:mul, llfi_index: 590;  opcode:add, llfi_index: 591;  opcode:sub, llfi_index: 592;  opcode:sext, llfi_index: 593;  opcode:sub, llfi_index: 582;  opcode:mul, llfi_index: 583;  opcode:add, llfi_index: 584;  opcode:sub, llfi_index: 585;  opcode:sext, llfi_index: 586;  opcode:sub, llfi_index: 575;  opcode:mul, llfi_index: 576;  opcode:add, llfi_index: 577;  opcode:sub, llfi_index: 578;  opcode:sext, llfi_index: 579;  opcode:icmp, llfi_index: 569; 
START ; 
START ; 
START ; 
START ;  opcode:add, llfi_index: 611; 
START ;  opcode:icmp, llfi_index: 573; 
START ; 
START ; 
START ; 
START ; 
START ; 
START ; 
START ; 
START ; 
START ; 
START ; 
START ; 
START ; 
START ; 
START ; 
START ; 
START ; 
START ; 
START ; 
START ; 
START ; 
START ; 
START ; 
START ; 
START ; 
START ; 
START ; 
START ; 
START ; 
START ; 
START ; 
START ; 
START ; 
START ; 
START ; 
START ; 
START ; 
START ; 
START ; 
START ; 
START ; 
START ; 
START ; 
START ; 
START ;  opcode:add, llfi_index: 646; 
START ;  opcode:icmp, llfi_index: 618; 
START ; 
START ; 
START ;  opcode:add, llfi_index: 643; 
START ;  opcode:icmp, llfi_index: 622; 
START ; 
START ;  opcode:add, llfi_index: 624;  opcode:mul, llfi_index: 625;  opcode:add, llfi_index: 626;  opcode:add, llfi_index: 627;  opcode:sext, llfi_index: 628; 
START ; 
START ; 
START ; 
START ; 
START ; 
START ; 
START ; 
START ; 
START ; 
START ; 
START ; 
START ; 
START ; 
START ; 
START ; 
START ; 
START ; 
START ; 
START ; 
START ; 
START ; 
START ; 
START ; 
START ; 
START ; 
START ; 
START ; 
START ; 
START ; 
START ; 
